Num particles = 100
Multi objective
Loading...
loaded file ../datasets/UCI HAR Dataset/train/features.csv, dimensions: 4694 x 98
loaded file ../datasets/UCI HAR Dataset/train/y_train.txt, dimensions: 4694 x 1
loaded file ../datasets/UCI HAR Dataset/train/subject_train.txt, dimensions: 4694 x 1
loaded file ../datasets/UCI HAR Dataset/validation/features.csv, dimensions: 2658 x 98
loaded file ../datasets/UCI HAR Dataset/validation/y_validation.txt, dimensions: 2658 x 1
loaded file ../datasets/UCI HAR Dataset/validation/subject_validation.txt, dimensions: 2658 x 1
loaded file ../datasets/UCI HAR Dataset/test/features.csv, dimensions: 2947 x 98
loaded file ../datasets/UCI HAR Dataset/test/y_test.txt, dimensions: 2947 x 1
loaded file ../datasets/UCI HAR Dataset/test/subject_test.txt, dimensions: 2947 x 1
subject left out: 1.0
Stopping energy value is 31.4710
Initializing starting positions and scores...
Initialization done, initial Pareto front:
   Particle with #features=2 accuracy=0.8361/0.9443 energy=8.0890 features=[tTotalAcc-correlation(),tTotalAcc-max()]
   Particle with #features=2 accuracy=0.8142/0.8809 energy=8.0679 features=[tTotalAcc-max(),tTotalAccJerk-energy()]
   Particle with #features=2 accuracy=0.8121/0.9049 energy=7.1120 features=[tTotalAcc-max(),tTotalAccJerk-max()]
   Particle with #features=2 accuracy=0.8058/0.8703 energy=6.6423 features=[tTotalAcc-max(),tTotalAccJerk-min()]
   Particle with #features=2 accuracy=0.7898/0.8223 energy=4.6229 features=[tTotalAcc-max(),tTotalAccL1Norm-median()]
   Particle with #features=2 accuracy=0.7858/0.8098 energy=3.9728 features=[tTotalAcc-mean(),tTotalAccMagSq-max()]
   Particle with #features=2 accuracy=0.7389/0.7512 energy=3.6927 features=[tTotalAcc-mean(),tTotalAccL1Norm-iqr()]
   Particle with #features=2 accuracy=0.7340/0.7810 energy=3.6879 features=[tTotalAcc-mean(),tTotalAccMagSq-iqr()]
Iteration 0
Iteration 1
Iteration 2
Iteration 3
Iteration 4
Iteration 5
Iteration 6
Iteration 7
Iteration 8
Iteration 9
Iteration 10
Iteration 11
Iteration 12
Iteration 13
Iteration 14
Iteration 15
Iteration 16
Iteration 17
Iteration 18
Iteration 19
Iteration 20
Iteration 21
Iteration 22
Iteration 23
Iteration 24
Iteration 25
Iteration 26
Iteration 27
Iteration 28
Iteration 29
Iteration 30
Iteration 31
Iteration 32
Iteration 33
Iteration 34
Iteration 35
Iteration 36
Iteration 37
Iteration 38
Iteration 39
Iteration 40
Iteration 41
Iteration 42
Iteration 43
Iteration 44
Iteration 45
Iteration 46
Iteration 47
Iteration 48
Iteration 49
Iteration 50
Iteration 51
Iteration 52
Iteration 53
Iteration 54
Iteration 55
Iteration 56
Iteration 57
Iteration 58
Iteration 59
Iteration 60
Iteration 61
Iteration 62
Iteration 63
Iteration 64
Iteration 65
Iteration 66
Iteration 67
Iteration 68
Iteration 69
Iteration 70
Iteration 71
Iteration 72
Iteration 73
Iteration 74
Iteration 75
Iteration 76
Iteration 77
Iteration 78
Iteration 79
Iteration 80
Iteration 81
Iteration 82
Iteration 83
Iteration 84
Iteration 85
Iteration 86
Iteration 87
Iteration 88
Iteration 89
Iteration 90
Iteration 91
Iteration 92
Iteration 93
Iteration 94
Iteration 95
Iteration 96
Iteration 97
Iteration 98
Iteration 99
Final Pareto front:
   Particle with #features=5 accuracy=0.8795/0.9750 energy=15.1651 features=[tTotalAcc-correlation(),tTotalAcc-max(),tTotalAccJerk-std(),tTotalAccL1Norm-median(),tTotalAccMagSq-std()]
   Particle with #features=7 accuracy=0.8760/0.9414 energy=13.6174 features=[tTotalAcc-max(),tTotalAccJerk-std(),tTotalAccL1Norm-max(),tTotalAccL1Norm-median(),tTotalAccMagSq-iqr(),tTotalAccMagSq-mean(),tTotalAccMagSq-std()]
   Particle with #features=6 accuracy=0.8748/0.9491 energy=12.5695 features=[tTotalAcc-max(),tTotalAccJerk-std(),tTotalAccJerkL1Norm-median(),tTotalAccL1Norm-median(),tTotalAccMagSq-mean(),tTotalAccMagSq-std()]
   Particle with #features=4 accuracy=0.8720/0.9452 energy=10.6423 features=[tTotalAcc-max(),tTotalAccJerk-std(),tTotalAccL1Norm-median(),tTotalAccMagSq-std()]
   Particle with #features=3 accuracy=0.8593/0.9222 energy=8.8142 features=[tTotalAcc-min(),tTotalAccJerk-std(),tTotalAccMagSq-max()]
   Particle with #features=3 accuracy=0.8459/0.9097 energy=8.4830 features=[tTotalAcc-mean(),tTotalAccJerk-std(),tTotalAccMagSq-max()]
   Particle with #features=2 accuracy=0.8361/0.9443 energy=8.0890 features=[tTotalAcc-correlation(),tTotalAcc-max()]
   Particle with #features=4 accuracy=0.8225/0.8886 energy=6.7591 features=[tTotalAcc-mean(),tTotalAccJerkL1Norm-min(),tTotalAccJerkMagSq-entropy(),tTotalAccMagSq-max()]
   Particle with #features=3 accuracy=0.8172/0.8866 energy=5.5025 features=[tTotalAcc-mean(),tTotalAccJerkL1Norm-energy(),tTotalAccMagSq-max()]
   Particle with #features=3 accuracy=0.8151/0.8703 energy=5.0231 features=[tTotalAcc-mean(),tTotalAccJerkL1Norm-min(),tTotalAccMagSq-max()]
   Particle with #features=2 accuracy=0.7898/0.8223 energy=4.6229 features=[tTotalAcc-max(),tTotalAccL1Norm-median()]
   Particle with #features=2 accuracy=0.7858/0.8098 energy=3.9728 features=[tTotalAcc-mean(),tTotalAccMagSq-max()]
   Particle with #features=1 accuracy=0.7519/0.7781 energy=3.5662 features=[tTotalAcc-max()]
   Particle with #features=1 accuracy=0.6835/0.7320 energy=3.1380 features=[tTotalAcc-q75()]
   Particle with #features=1 accuracy=0.6601/0.6369 energy=3.0965 features=[tTotalAcc-min()]
   Particle with #features=2 accuracy=0.6081/0.5860 energy=2.2736 features=[tTotalAccL1Norm-median(),tTotalAccMagSq-max()]
   Particle with #features=2 accuracy=0.5794/0.4928 energy=2.1443 features=[tTotalAccMagSq-iqr(),tTotalAccMagSq-max()]
   Particle with #features=1 accuracy=0.5419/0.4909 energy=1.2410 features=[tTotalAccMagSq-max()]
   Particle with #features=1 accuracy=0.5130/0.5264 energy=1.0893 features=[tTotalAccL1Norm-min()]
   Particle with #features=1 accuracy=0.4286/0.4476 energy=0.9609 features=[tTotalAccL1Norm-iqr()]
   Particle with #features=1 accuracy=0.4189/0.3622 energy=0.9561 features=[tTotalAccMagSq-iqr()]
   Particle with #features=0 accuracy=0.4000/0.4000 energy=0.0334 features=[]
