Num particles = 10
Multi objective
Loading...
loaded file ../datasets/UCI HAR Dataset/train/features.csv, dimensions: 4694 x 98
loaded file ../datasets/UCI HAR Dataset/train/y_train.txt, dimensions: 4694 x 1
loaded file ../datasets/UCI HAR Dataset/train/subject_train.txt, dimensions: 4694 x 1
loaded file ../datasets/UCI HAR Dataset/validation/features.csv, dimensions: 2658 x 98
loaded file ../datasets/UCI HAR Dataset/validation/y_validation.txt, dimensions: 2658 x 1
loaded file ../datasets/UCI HAR Dataset/validation/subject_validation.txt, dimensions: 2658 x 1
loaded file ../datasets/UCI HAR Dataset/test/features.csv, dimensions: 2947 x 98
loaded file ../datasets/UCI HAR Dataset/test/y_test.txt, dimensions: 2947 x 1
loaded file ../datasets/UCI HAR Dataset/test/subject_test.txt, dimensions: 2947 x 1
subject left out: 1.0
Stopping energy value is 31.4710
Initializing starting positions and scores...
Initialization done, initial Pareto front:
   Particle with #features=2 accuracy=0.7748/0.8108 energy=6.2980 features=[tTotalAcc-max(),tTotalAcc-mean()]
   Particle with #features=2 accuracy=0.7545/0.7378 energy=5.3554 features=[tTotalAcc-iqr(),tTotalAcc-mean()]
Iteration 0
Iteration 1
Iteration 2
Iteration 3
Iteration 4
Iteration 5
Iteration 6
Iteration 7
Iteration 8
Iteration 9
Iteration 10
Iteration 11
Iteration 12
Iteration 13
Iteration 14
Iteration 15
Iteration 16
Iteration 17
Iteration 18
Iteration 19
Iteration 20
Iteration 21
Iteration 22
Iteration 23
Iteration 24
Iteration 25
Iteration 26
Iteration 27
Iteration 28
Iteration 29
Iteration 30
Iteration 31
Iteration 32
Iteration 33
Iteration 34
Iteration 35
Iteration 36
Iteration 37
Iteration 38
Iteration 39
Iteration 40
Iteration 41
Iteration 42
Iteration 43
Iteration 44
Iteration 45
Iteration 46
Iteration 47
Iteration 48
Iteration 49
Iteration 50
Iteration 51
Iteration 52
Iteration 53
Iteration 54
Iteration 55
Iteration 56
Iteration 57
Iteration 58
Iteration 59
Iteration 60
Iteration 61
Iteration 62
Iteration 63
Iteration 64
Iteration 65
Iteration 66
Iteration 67
Iteration 68
Iteration 69
Iteration 70
Iteration 71
Iteration 72
Iteration 73
Iteration 74
Iteration 75
Iteration 76
Iteration 77
Iteration 78
Iteration 79
Iteration 80
Iteration 81
Iteration 82
Iteration 83
Iteration 84
Iteration 85
Iteration 86
Iteration 87
Iteration 88
Iteration 89
Iteration 90
Iteration 91
Iteration 92
Iteration 93
Iteration 94
Iteration 95
Iteration 96
Iteration 97
Iteration 98
Iteration 99
Final Pareto front:
   Particle with #features=3 accuracy=0.8388/0.9251 energy=10.7730 features=[tTotalAcc-correlation(),tTotalAcc-max(),tTotalAcc-mean()]
   Particle with #features=3 accuracy=0.7959/0.8117 energy=7.0359 features=[tTotalAcc-mean(),tTotalAcc-min(),tTotalAccMagSq-max()]
   Particle with #features=2 accuracy=0.7748/0.8108 energy=6.2980 features=[tTotalAcc-max(),tTotalAcc-mean()]
   Particle with #features=2 accuracy=0.7545/0.7378 energy=5.3554 features=[tTotalAcc-iqr(),tTotalAcc-mean()]
   Particle with #features=1 accuracy=0.5887/0.6638 energy=2.7652 features=[tTotalAcc-mean()]
   Particle with #features=2 accuracy=0.4900/0.4323 energy=2.6171 features=[tTotalAccJerkMagSq-std(),tTotalAccL1Norm-min()]
   Particle with #features=0 accuracy=0.4000/0.4000 energy=0.0334 features=[]
