Multi objective
Loading...
loaded file ../datasets/SPHERE/train/features.csv, dimensions: 580 x 98
loaded file ../datasets/SPHERE/train/y_train.txt, dimensions: 580 x 1
loaded file ../datasets/SPHERE/validation/features.csv, dimensions: 289 x 98
loaded file ../datasets/SPHERE/validation/y_validation.txt, dimensions: 289 x 1
loaded file ../datasets/SPHERE/test/features.csv, dimensions: 291 x 98
loaded file ../datasets/SPHERE/test/y_test.txt, dimensions: 291 x 1
Initializing starting positions and scores...
Initialization done, initial Pareto front:
   Particle with #features=26 accuracy=0.8616/0.8454 energy=59.3467 features=[tTotalAcc-energy(),tTotalAcc-entropy(),tTotalAcc-iqr(),tTotalAcc-max(),tTotalAcc-mean(),tTotalAcc-q25(),tTotalAcc-q75(),tTotalAccJerk-correlation(),tTotalAccJerk-energy(),tTotalAccJerk-std(),tTotalAccJerkL1Norm-energy(),tTotalAccJerkL1Norm-entropy(),tTotalAccJerkL1Norm-max(),tTotalAccJerkL1Norm-std(),tTotalAccJerkMagSq-energy(),tTotalAccJerkMagSq-iqr(),tTotalAccJerkMagSq-max(),tTotalAccJerkMagSq-mean(),tTotalAccJerkMagSq-median(),tTotalAccL1Norm-energy(),tTotalAccL1Norm-entropy(),tTotalAccL1Norm-max(),tTotalAccL1Norm-mean(),tTotalAccMagSq-energy(),tTotalAccMagSq-entropy(),tTotalAccMagSq-max()]
   Particle with #features=28 accuracy=0.8581/0.8488 energy=57.9848 features=[tTotalAcc-correlation(),tTotalAcc-iqr(),tTotalAcc-mean(),tTotalAcc-median(),tTotalAcc-min(),tTotalAcc-q25(),tTotalAccJerk-max(),tTotalAccJerk-mean(),tTotalAccJerk-median(),tTotalAccJerk-min(),tTotalAccJerk-q75(),tTotalAccJerk-std(),tTotalAccJerkL1Norm-entropy(),tTotalAccJerkL1Norm-iqr(),tTotalAccJerkL1Norm-mean(),tTotalAccJerkL1Norm-median(),tTotalAccJerkMagSq-mean(),tTotalAccJerkMagSq-median(),tTotalAccJerkMagSq-std(),tTotalAccL1Norm-entropy(),tTotalAccL1Norm-mean(),tTotalAccL1Norm-min(),tTotalAccL1Norm-std(),tTotalAccMagSq-energy(),tTotalAccMagSq-iqr(),tTotalAccMagSq-mean(),tTotalAccMagSq-median(),tTotalAccMagSq-std()]
   Particle with #features=23 accuracy=0.8547/0.8351 energy=55.8324 features=[tTotalAcc-correlation(),tTotalAcc-entropy(),tTotalAcc-iqr(),tTotalAcc-mean(),tTotalAcc-median(),tTotalAcc-q25(),tTotalAcc-q75(),tTotalAccJerk-correlation(),tTotalAccJerk-energy(),tTotalAccJerk-entropy(),tTotalAccJerk-q25(),tTotalAccJerkL1Norm-mean(),tTotalAccJerkL1Norm-median(),tTotalAccJerkMagSq-entropy(),tTotalAccJerkMagSq-max(),tTotalAccJerkMagSq-median(),tTotalAccL1Norm-energy(),tTotalAccL1Norm-mean(),tTotalAccL1Norm-std(),tTotalAccMagSq-energy(),tTotalAccMagSq-iqr(),tTotalAccMagSq-max(),tTotalAccMagSq-mean()]
   Particle with #features=23 accuracy=0.8512/0.8729 energy=48.3520 features=[tTotalAcc-energy(),tTotalAcc-iqr(),tTotalAcc-max(),tTotalAcc-min(),tTotalAcc-q25(),tTotalAcc-q75(),tTotalAcc-std(),tTotalAccJerk-correlation(),tTotalAccJerk-mean(),tTotalAccJerkL1Norm-energy(),tTotalAccJerkL1Norm-entropy(),tTotalAccJerkL1Norm-iqr(),tTotalAccJerkL1Norm-max(),tTotalAccJerkL1Norm-median(),tTotalAccJerkMagSq-iqr(),tTotalAccJerkMagSq-max(),tTotalAccJerkMagSq-median(),tTotalAccL1Norm-energy(),tTotalAccL1Norm-mean(),tTotalAccMagSq-entropy(),tTotalAccMagSq-max(),tTotalAccMagSq-median(),tTotalAccMagSq-min()]
   Particle with #features=21 accuracy=0.8478/0.8625 energy=43.6332 features=[tTotalAcc-energy(),tTotalAcc-entropy(),tTotalAcc-iqr(),tTotalAcc-min(),tTotalAcc-q25(),tTotalAcc-q75(),tTotalAcc-std(),tTotalAccJerk-min(),tTotalAccJerkL1Norm-energy(),tTotalAccJerkL1Norm-entropy(),tTotalAccJerkL1Norm-max(),tTotalAccJerkL1Norm-median(),tTotalAccJerkL1Norm-min(),tTotalAccJerkMagSq-iqr(),tTotalAccJerkMagSq-mean(),tTotalAccJerkMagSq-median(),tTotalAccJerkMagSq-std(),tTotalAccL1Norm-mean(),tTotalAccMagSq-iqr(),tTotalAccMagSq-mean(),tTotalAccMagSq-median()]
   Particle with #features=17 accuracy=0.8408/0.8488 energy=33.9083 features=[tTotalAcc-max(),tTotalAcc-min(),tTotalAcc-q25(),tTotalAcc-q75(),tTotalAcc-std(),tTotalAccJerk-min(),tTotalAccJerkL1Norm-entropy(),tTotalAccJerkMagSq-entropy(),tTotalAccJerkMagSq-median(),tTotalAccL1Norm-iqr(),tTotalAccL1Norm-mean(),tTotalAccL1Norm-min(),tTotalAccL1Norm-std(),tTotalAccMagSq-entropy(),tTotalAccMagSq-mean(),tTotalAccMagSq-median(),tTotalAccMagSq-min()]
   Particle with #features=2 accuracy=0.8374/0.8213 energy=6.2168 features=[tTotalAcc-median(),tTotalAccJerk-q75()]
   Particle with #features=2 accuracy=0.8339/0.8076 energy=4.0405 features=[tTotalAcc-median(),tTotalAccJerkMagSq-iqr()]
   Particle with #features=2 accuracy=0.8270/0.8144 energy=4.0393 features=[tTotalAcc-median(),tTotalAccJerkL1Norm-iqr()]
   Particle with #features=2 accuracy=0.7993/0.8179 energy=3.6879 features=[tTotalAcc-mean(),tTotalAccMagSq-iqr()]
   Particle with #features=2 accuracy=0.6298/0.5945 energy=2.6151 features=[tTotalAccJerkMagSq-energy(),tTotalAccMagSq-median()]
   Particle with #features=2 accuracy=0.6228/0.5773 energy=2.1629 features=[tTotalAccJerkMagSq-iqr(),tTotalAccL1Norm-max()]
   Particle with #features=2 accuracy=0.6194/0.5808 energy=2.0137 features=[tTotalAccJerkMagSq-min(),tTotalAccMagSq-mean()]
   Particle with #features=2 accuracy=0.6055/0.5842 energy=2.0064 features=[tTotalAccJerkMagSq-iqr(),tTotalAccMagSq-min()]
   Particle with #features=2 accuracy=0.5986/0.5808 energy=1.9950 features=[tTotalAccL1Norm-min(),tTotalAccMagSq-mean()]
   Particle with #features=2 accuracy=0.5952/0.6357 energy=1.9887 features=[tTotalAccMagSq-iqr(),tTotalAccMagSq-median()]
   Particle with #features=2 accuracy=0.5744/0.5808 energy=1.8667 features=[tTotalAccMagSq-iqr(),tTotalAccMagSq-mean()]
   Particle with #features=2 accuracy=0.4983/0.4536 energy=1.8594 features=[tTotalAccL1Norm-iqr(),tTotalAccMagSq-iqr()]
Iteration 0
Iteration 1
Iteration 2
Iteration 3
Iteration 4
Iteration 5
Iteration 6
Iteration 7
Iteration 8
Iteration 9
Iteration 10
Iteration 11
Iteration 12
Iteration 13
Iteration 14
Iteration 15
Iteration 16
Iteration 17
Iteration 18
Iteration 19
Iteration 20
Iteration 21
Iteration 22
Iteration 23
Iteration 24
Iteration 25
Iteration 26
Iteration 27
Iteration 28
Iteration 29
Iteration 30
Iteration 31
Iteration 32
Iteration 33
Iteration 34
Iteration 35
Iteration 36
Iteration 37
Iteration 38
Iteration 39
Iteration 40
Iteration 41
Iteration 42
Iteration 43
Iteration 44
Iteration 45
Iteration 46
Iteration 47
Iteration 48
Iteration 49
Iteration 50
Iteration 51
Iteration 52
Iteration 53
Iteration 54
Iteration 55
Iteration 56
Iteration 57
Iteration 58
Iteration 59
Iteration 60
Iteration 61
Iteration 62
Iteration 63
Iteration 64
Iteration 65
Iteration 66
Iteration 67
Iteration 68
Iteration 69
Iteration 70
Iteration 71
Iteration 72
Iteration 73
Iteration 74
Iteration 75
Iteration 76
Iteration 77
Iteration 78
Iteration 79
Iteration 80
Iteration 81
Iteration 82
Iteration 83
Iteration 84
Iteration 85
Iteration 86
Iteration 87
Iteration 88
Iteration 89
Iteration 90
Iteration 91
Iteration 92
Iteration 93
Iteration 94
Iteration 95
Iteration 96
Iteration 97
Iteration 98
Iteration 99
Final Pareto front:
   Particle with #features=7 accuracy=0.8720/0.8625 energy=13.0981 features=[tTotalAcc-iqr(),tTotalAcc-q25(),tTotalAcc-q75(),tTotalAccL1Norm-mean(),tTotalAccL1Norm-min(),tTotalAccL1Norm-std(),tTotalAccMagSq-iqr()]
   Particle with #features=5 accuracy=0.8685/0.8591 energy=9.5621 features=[tTotalAcc-median(),tTotalAcc-q25(),tTotalAccJerkL1Norm-iqr(),tTotalAccL1Norm-std(),tTotalAccMagSq-iqr()]
   Particle with #features=5 accuracy=0.8616/0.8660 energy=9.0880 features=[tTotalAcc-median(),tTotalAcc-q25(),tTotalAccJerkMagSq-iqr(),tTotalAccL1Norm-mean(),tTotalAccMagSq-median()]
   Particle with #features=3 accuracy=0.8581/0.8557 energy=7.2555 features=[tTotalAcc-median(),tTotalAcc-q25(),tTotalAccMagSq-median()]
   Particle with #features=4 accuracy=0.8478/0.8041 energy=6.4579 features=[tTotalAcc-median(),tTotalAccJerkL1Norm-iqr(),tTotalAccMagSq-iqr(),tTotalAccMagSq-std()]
   Particle with #features=3 accuracy=0.8408/0.8144 energy=6.2828 features=[tTotalAcc-iqr(),tTotalAcc-mean(),tTotalAccL1Norm-iqr()]
   Particle with #features=3 accuracy=0.8374/0.8351 energy=4.9511 features=[tTotalAcc-median(),tTotalAccJerkL1Norm-iqr(),tTotalAccMagSq-mean()]
   Particle with #features=2 accuracy=0.8339/0.8076 energy=4.0405 features=[tTotalAcc-median(),tTotalAccJerkMagSq-iqr()]
   Particle with #features=2 accuracy=0.8270/0.8144 energy=4.0393 features=[tTotalAcc-median(),tTotalAccJerkL1Norm-iqr()]
   Particle with #features=2 accuracy=0.7993/0.8179 energy=3.6879 features=[tTotalAcc-mean(),tTotalAccMagSq-iqr()]
   Particle with #features=1 accuracy=0.7612/0.8076 energy=2.7652 features=[tTotalAcc-mean()]
   Particle with #features=2 accuracy=0.6298/0.5945 energy=2.6151 features=[tTotalAccJerkMagSq-energy(),tTotalAccMagSq-median()]
   Particle with #features=2 accuracy=0.6228/0.5773 energy=2.1629 features=[tTotalAccJerkMagSq-iqr(),tTotalAccL1Norm-max()]
   Particle with #features=2 accuracy=0.6194/0.5808 energy=2.0137 features=[tTotalAccJerkMagSq-min(),tTotalAccMagSq-mean()]
   Particle with #features=2 accuracy=0.6055/0.5842 energy=2.0064 features=[tTotalAccJerkMagSq-iqr(),tTotalAccMagSq-min()]
   Particle with #features=2 accuracy=0.5986/0.5808 energy=1.9950 features=[tTotalAccL1Norm-min(),tTotalAccMagSq-mean()]
   Particle with #features=2 accuracy=0.5952/0.6357 energy=1.9887 features=[tTotalAccMagSq-iqr(),tTotalAccMagSq-median()]
   Particle with #features=1 accuracy=0.5744/0.5842 energy=1.1031 features=[tTotalAccJerkMagSq-min()]
   Particle with #features=1 accuracy=0.5363/0.5636 energy=1.0844 features=[tTotalAccMagSq-min()]
   Particle with #features=1 accuracy=0.5294/0.5052 energy=0.9747 features=[tTotalAccJerkMagSq-iqr()]
   Particle with #features=1 accuracy=0.5190/0.4639 energy=0.9609 features=[tTotalAccL1Norm-iqr()]
   Particle with #features=1 accuracy=0.4671/0.4261 energy=0.9561 features=[tTotalAccMagSq-iqr()]
   Particle with #features=0 accuracy=0.4000/0.4000 energy=0.0334 features=[]
all done!
