Loading...
loaded file ../datasets/SPHERE/train/features.csv, dimensions: 580 x 98
loaded file ../datasets/SPHERE/train/y_train.txt, dimensions: 580 x 1
loaded file ../datasets/SPHERE/train/subject_train.txt, dimensions: 580 x 1
loaded file ../datasets/SPHERE/validation/features.csv, dimensions: 289 x 98
loaded file ../datasets/SPHERE/validation/y_validation.txt, dimensions: 289 x 1
loaded file ../datasets/SPHERE/validation/subject_validation.txt, dimensions: 289 x 1
loaded file ../datasets/SPHERE/test/features.csv, dimensions: 291 x 98
loaded file ../datasets/SPHERE/test/y_test.txt, dimensions: 291 x 1
loaded file ../datasets/SPHERE/test/subject_test.txt, dimensions: 291 x 1
subject left out: 3.0
Stopping energy value is 31.4710
Running greedy, combined score...
best at tTotalAcc-q25() 374.862301 0.755796696349 0.688888888889 3.137699
one level deeper, used= ['tTotalAcc-q25()']
best at tTotalAccJerkL1Norm-iqr() 402.922226 0.814731994303 0.649206349206 4.077774
one level deeper, used= ['tTotalAcc-q25()', 'tTotalAccJerkL1Norm-iqr()']
best at tTotalAcc-q75() 413.872072 0.842114895713 0.690476190476 7.127928
one level deeper, used= ['tTotalAcc-q25()', 'tTotalAccJerkL1Norm-iqr()', 'tTotalAcc-q75()']
best at tTotalAccMagSq-mean() 416.960262 0.849475568689 0.680952380952 8.039738
one level deeper, used= ['tTotalAcc-q25()', 'tTotalAccJerkL1Norm-iqr()', 'tTotalAcc-q75()', 'tTotalAccMagSq-mean()']
best at tTotalAccJerkMagSq-median() 417.927689 0.854736519853 0.688888888889 9.072311
one level deeper, used= ['tTotalAcc-q25()', 'tTotalAccJerkL1Norm-iqr()', 'tTotalAcc-q75()', 'tTotalAccMagSq-mean()', 'tTotalAccJerkMagSq-median()']
best at tTotalAccJerkL1Norm-median() 417.89511600000003 0.855781389344 0.690476190476 10.104883999999998
one level deeper, used= ['tTotalAcc-q25()', 'tTotalAccJerkL1Norm-iqr()', 'tTotalAcc-q75()', 'tTotalAccMagSq-mean()', 'tTotalAccJerkMagSq-median()', 'tTotalAccJerkL1Norm-median()']
best at tTotalAccMagSq-median() 414.862543 0.85158527333 0.677777777778 11.137457
one level deeper, used= ['tTotalAcc-q25()', 'tTotalAccJerkL1Norm-iqr()', 'tTotalAcc-q75()', 'tTotalAccMagSq-mean()', 'tTotalAccJerkMagSq-median()', 'tTotalAccJerkL1Norm-median()', 'tTotalAccMagSq-median()']
best at tTotalAccMagSq-max() 412.685363 0.849468913469 0.695238095238 12.314637
one level deeper, used= ['tTotalAcc-q25()', 'tTotalAccJerkL1Norm-iqr()', 'tTotalAcc-q75()', 'tTotalAccMagSq-mean()', 'tTotalAccJerkMagSq-median()', 'tTotalAccJerkL1Norm-median()', 'tTotalAccMagSq-median()', 'tTotalAccMagSq-max()']
best at tTotalAcc-max() 407.152592 0.846327649776 0.71746031746 15.847408
one level deeper, used= ['tTotalAcc-q25()', 'tTotalAccJerkL1Norm-iqr()', 'tTotalAcc-q75()', 'tTotalAccMagSq-mean()', 'tTotalAccJerkMagSq-median()', 'tTotalAccJerkL1Norm-median()', 'tTotalAccMagSq-median()', 'tTotalAccMagSq-max()', 'tTotalAcc-max()']
best at tTotalAccL1Norm-iqr() 407.249283 0.848427371588 0.715873015873 16.750717
one level deeper, used= ['tTotalAcc-q25()', 'tTotalAccJerkL1Norm-iqr()', 'tTotalAcc-q75()', 'tTotalAccMagSq-mean()', 'tTotalAccJerkMagSq-median()', 'tTotalAccJerkL1Norm-median()', 'tTotalAccMagSq-median()', 'tTotalAccMagSq-max()', 'tTotalAcc-max()', 'tTotalAccL1Norm-iqr()']
best at tTotalAccL1Norm-max() 405.061062 0.845276125065 0.720634920635 17.938938
one level deeper, used= ['tTotalAcc-q25()', 'tTotalAccJerkL1Norm-iqr()', 'tTotalAcc-q75()', 'tTotalAccMagSq-mean()', 'tTotalAccJerkMagSq-median()', 'tTotalAccJerkL1Norm-median()', 'tTotalAccMagSq-median()', 'tTotalAccMagSq-max()', 'tTotalAcc-max()', 'tTotalAccL1Norm-iqr()', 'tTotalAccL1Norm-max()']
best at tTotalAccJerkMagSq-iqr() 404.157753 0.845276125065 0.734920634921 18.842247
one level deeper, used= ['tTotalAcc-q25()', 'tTotalAccJerkL1Norm-iqr()', 'tTotalAcc-q75()', 'tTotalAccMagSq-mean()', 'tTotalAccJerkMagSq-median()', 'tTotalAccJerkL1Norm-median()', 'tTotalAccMagSq-median()', 'tTotalAccMagSq-max()', 'tTotalAcc-max()', 'tTotalAccL1Norm-iqr()', 'tTotalAccL1Norm-max()', 'tTotalAccJerkMagSq-iqr()']
best at tTotalAcc-iqr() 402.616426 0.847385829706 0.726984126984 21.383574
one level deeper, used= ['tTotalAcc-q25()', 'tTotalAccJerkL1Norm-iqr()', 'tTotalAcc-q75()', 'tTotalAccMagSq-mean()', 'tTotalAccJerkMagSq-median()', 'tTotalAccJerkL1Norm-median()', 'tTotalAccMagSq-median()', 'tTotalAccMagSq-max()', 'tTotalAcc-max()', 'tTotalAccL1Norm-iqr()', 'tTotalAccL1Norm-max()', 'tTotalAccJerkMagSq-iqr()', 'tTotalAcc-iqr()']
best at tTotalAccJerk-iqr() 397.026293 0.841070026222 0.722222222222 23.973707
one level deeper, used= ['tTotalAcc-q25()', 'tTotalAccJerkL1Norm-iqr()', 'tTotalAcc-q75()', 'tTotalAccMagSq-mean()', 'tTotalAccJerkMagSq-median()', 'tTotalAccJerkL1Norm-median()', 'tTotalAccMagSq-median()', 'tTotalAccMagSq-max()', 'tTotalAcc-max()', 'tTotalAccL1Norm-iqr()', 'tTotalAccL1Norm-max()', 'tTotalAccJerkMagSq-iqr()', 'tTotalAcc-iqr()', 'tTotalAccJerk-iqr()']
best at tTotalAccMagSq-entropy() 395.290333 0.841076681441 0.714285714286 25.709667000000003
one level deeper, used= ['tTotalAcc-q25()', 'tTotalAccJerkL1Norm-iqr()', 'tTotalAcc-q75()', 'tTotalAccMagSq-mean()', 'tTotalAccJerkMagSq-median()', 'tTotalAccJerkL1Norm-median()', 'tTotalAccMagSq-median()', 'tTotalAccMagSq-max()', 'tTotalAcc-max()', 'tTotalAccL1Norm-iqr()', 'tTotalAccL1Norm-max()', 'tTotalAccJerkMagSq-iqr()', 'tTotalAcc-iqr()', 'tTotalAccJerk-iqr()', 'tTotalAccMagSq-entropy()']
best at tTotalAccMagSq-std() 392.79227099999997 0.84002515673 0.736507936508 27.207729000000004
one level deeper, used= ['tTotalAcc-q25()', 'tTotalAccJerkL1Norm-iqr()', 'tTotalAcc-q75()', 'tTotalAccMagSq-mean()', 'tTotalAccJerkMagSq-median()', 'tTotalAccJerkL1Norm-median()', 'tTotalAccMagSq-median()', 'tTotalAccMagSq-max()', 'tTotalAcc-max()', 'tTotalAccL1Norm-iqr()', 'tTotalAccL1Norm-max()', 'tTotalAccJerkMagSq-iqr()', 'tTotalAcc-iqr()', 'tTotalAccJerk-iqr()', 'tTotalAccMagSq-entropy()', 'tTotalAccMagSq-std()']
best at tTotalAccJerkL1Norm-min() 390.776554 0.837915452089 0.734920634921 28.223446000000003
one level deeper, used= ['tTotalAcc-q25()', 'tTotalAccJerkL1Norm-iqr()', 'tTotalAcc-q75()', 'tTotalAccMagSq-mean()', 'tTotalAccJerkMagSq-median()', 'tTotalAccJerkL1Norm-median()', 'tTotalAccMagSq-median()', 'tTotalAccMagSq-max()', 'tTotalAcc-max()', 'tTotalAccL1Norm-iqr()', 'tTotalAccL1Norm-max()', 'tTotalAccJerkMagSq-iqr()', 'tTotalAcc-iqr()', 'tTotalAccJerk-iqr()', 'tTotalAccMagSq-entropy()', 'tTotalAccMagSq-std()', 'tTotalAccJerkL1Norm-min()']
best at tTotalAcc-median() 390.726673 0.843173075643 0.726984126984 31.273327000000002
one level deeper, used= ['tTotalAcc-q25()', 'tTotalAccJerkL1Norm-iqr()', 'tTotalAcc-q75()', 'tTotalAccMagSq-mean()', 'tTotalAccJerkMagSq-median()', 'tTotalAccJerkL1Norm-median()', 'tTotalAccMagSq-median()', 'tTotalAccMagSq-max()', 'tTotalAcc-max()', 'tTotalAccL1Norm-iqr()', 'tTotalAccL1Norm-max()', 'tTotalAccJerkMagSq-iqr()', 'tTotalAcc-iqr()', 'tTotalAccJerk-iqr()', 'tTotalAccMagSq-entropy()', 'tTotalAccMagSq-std()', 'tTotalAccJerkL1Norm-min()', 'tTotalAcc-median()']
stopping: spent more energy than for raw data Tx 32.1766 vs 31.4710
all done!
