Multi objective
Loading...
loaded file ../datasets/SPHERE/train/features.csv, dimensions: 580 x 98
loaded file ../datasets/SPHERE/train/y_train.txt, dimensions: 580 x 1
loaded file ../datasets/SPHERE/train/subject_train.txt, dimensions: 580 x 1
loaded file ../datasets/SPHERE/validation/features.csv, dimensions: 289 x 98
loaded file ../datasets/SPHERE/validation/y_validation.txt, dimensions: 289 x 1
loaded file ../datasets/SPHERE/validation/subject_validation.txt, dimensions: 289 x 1
loaded file ../datasets/SPHERE/test/features.csv, dimensions: 291 x 98
loaded file ../datasets/SPHERE/test/y_test.txt, dimensions: 291 x 1
loaded file ../datasets/SPHERE/test/subject_test.txt, dimensions: 291 x 1
subject left out: 3.0
Stopping energy value is 31.4710
Initializing starting positions and scores...
Initialization done, initial Pareto front:
   Particle with #features=26 accuracy=0.8390/0.7429 energy=62.6322 features=[tTotalAcc-correlation(),tTotalAcc-energy(),tTotalAcc-entropy(),tTotalAcc-max(),tTotalAcc-mean(),tTotalAcc-median(),tTotalAcc-min(),tTotalAcc-q25(),tTotalAcc-q75(),tTotalAcc-std(),tTotalAccJerk-mean(),tTotalAccJerk-q25(),tTotalAccJerk-std(),tTotalAccJerkL1Norm-energy(),tTotalAccJerkL1Norm-mean(),tTotalAccJerkL1Norm-median(),tTotalAccJerkL1Norm-min(),tTotalAccJerkL1Norm-std(),tTotalAccJerkMagSq-iqr(),tTotalAccJerkMagSq-max(),tTotalAccJerkMagSq-min(),tTotalAccL1Norm-entropy(),tTotalAccL1Norm-mean(),tTotalAccL1Norm-min(),tTotalAccL1Norm-std(),tTotalAccMagSq-mean()]
   Particle with #features=23 accuracy=0.8369/0.7063 energy=44.6755 features=[tTotalAcc-energy(),tTotalAcc-max(),tTotalAcc-mean(),tTotalAcc-q25(),tTotalAcc-q75(),tTotalAcc-std(),tTotalAccJerk-mean(),tTotalAccJerk-q25(),tTotalAccJerkL1Norm-energy(),tTotalAccJerkL1Norm-iqr(),tTotalAccJerkL1Norm-mean(),tTotalAccJerkL1Norm-min(),tTotalAccJerkMagSq-iqr(),tTotalAccJerkMagSq-mean(),tTotalAccL1Norm-entropy(),tTotalAccL1Norm-mean(),tTotalAccL1Norm-median(),tTotalAccL1Norm-std(),tTotalAccMagSq-energy(),tTotalAccMagSq-max(),tTotalAccMagSq-mean(),tTotalAccMagSq-median(),tTotalAccMagSq-std()]
   Particle with #features=20 accuracy=0.8316/0.7397 energy=41.8917 features=[tTotalAcc-entropy(),tTotalAcc-iqr(),tTotalAcc-max(),tTotalAcc-mean(),tTotalAcc-min(),tTotalAcc-q25(),tTotalAcc-q75(),tTotalAccJerk-iqr(),tTotalAccJerk-q25(),tTotalAccJerkL1Norm-energy(),tTotalAccJerkL1Norm-iqr(),tTotalAccJerkL1Norm-mean(),tTotalAccJerkMagSq-energy(),tTotalAccJerkMagSq-median(),tTotalAccJerkMagSq-min(),tTotalAccL1Norm-mean(),tTotalAccL1Norm-median(),tTotalAccMagSq-energy(),tTotalAccMagSq-entropy(),tTotalAccMagSq-mean()]
   Particle with #features=20 accuracy=0.8306/0.7365 energy=36.2385 features=[tTotalAcc-iqr(),tTotalAcc-min(),tTotalAcc-q25(),tTotalAcc-q75(),tTotalAcc-std(),tTotalAccJerk-q25(),tTotalAccJerkL1Norm-entropy(),tTotalAccJerkL1Norm-iqr(),tTotalAccJerkL1Norm-max(),tTotalAccJerkL1Norm-mean(),tTotalAccJerkL1Norm-median(),tTotalAccJerkMagSq-iqr(),tTotalAccJerkMagSq-mean(),tTotalAccJerkMagSq-std(),tTotalAccL1Norm-energy(),tTotalAccL1Norm-entropy(),tTotalAccL1Norm-iqr(),tTotalAccL1Norm-std(),tTotalAccMagSq-max(),tTotalAccMagSq-mean()]
   Particle with #features=17 accuracy=0.8285/0.7238 energy=36.0793 features=[tTotalAcc-correlation(),tTotalAcc-max(),tTotalAcc-mean(),tTotalAcc-q75(),tTotalAcc-std(),tTotalAccJerk-min(),tTotalAccJerkL1Norm-entropy(),tTotalAccJerkL1Norm-iqr(),tTotalAccJerkL1Norm-min(),tTotalAccJerkMagSq-std(),tTotalAccL1Norm-energy(),tTotalAccL1Norm-entropy(),tTotalAccL1Norm-min(),tTotalAccL1Norm-std(),tTotalAccMagSq-entropy(),tTotalAccMagSq-mean(),tTotalAccMagSq-median()]
   Particle with #features=2 accuracy=0.8190/0.6429 energy=4.0405 features=[tTotalAcc-median(),tTotalAccJerkMagSq-iqr()]
   Particle with #features=2 accuracy=0.8074/0.6302 energy=4.0393 features=[tTotalAcc-median(),tTotalAccJerkL1Norm-iqr()]
   Particle with #features=2 accuracy=0.7968/0.6143 energy=3.7053 features=[tTotalAcc-mean(),tTotalAccJerkL1Norm-iqr()]
   Particle with #features=2 accuracy=0.7748/0.6476 energy=3.6879 features=[tTotalAcc-mean(),tTotalAccMagSq-iqr()]
   Particle with #features=2 accuracy=0.6369/0.5175 energy=2.2913 features=[tTotalAccJerkMagSq-max(),tTotalAccMagSq-min()]
   Particle with #features=2 accuracy=0.6179/0.5079 energy=2.2616 features=[tTotalAccMagSq-max(),tTotalAccMagSq-min()]
   Particle with #features=2 accuracy=0.6105/0.5460 energy=2.0073 features=[tTotalAccJerkMagSq-iqr(),tTotalAccMagSq-median()]
   Particle with #features=2 accuracy=0.6084/0.5571 energy=2.0064 features=[tTotalAccJerkMagSq-iqr(),tTotalAccMagSq-min()]
   Particle with #features=2 accuracy=0.5990/0.5365 energy=1.9887 features=[tTotalAccMagSq-iqr(),tTotalAccMagSq-median()]
   Particle with #features=2 accuracy=0.5758/0.5079 energy=1.8853 features=[tTotalAccJerkMagSq-iqr(),tTotalAccMagSq-mean()]
   Particle with #features=2 accuracy=0.5737/0.4984 energy=1.8667 features=[tTotalAccMagSq-iqr(),tTotalAccMagSq-mean()]
   Particle with #features=2 accuracy=0.4653/0.4143 energy=1.8594 features=[tTotalAccL1Norm-iqr(),tTotalAccMagSq-iqr()]
Iteration 0
Iteration 1
Iteration 2
Iteration 3
Iteration 4
Iteration 5
Iteration 6
Iteration 7
Iteration 8
Iteration 9
Iteration 10
Iteration 11
Iteration 12
Iteration 13
Iteration 14
Iteration 15
Iteration 16
Iteration 17
Iteration 18
Iteration 19
Iteration 20
Iteration 21
Iteration 22
Iteration 23
Iteration 24
Iteration 25
Iteration 26
Iteration 27
Iteration 28
Iteration 29
Iteration 30
Iteration 31
Iteration 32
Iteration 33
Iteration 34
Iteration 35
Iteration 36
Iteration 37
Iteration 38
Iteration 39
Iteration 40
Iteration 41
Iteration 42
Iteration 43
Iteration 44
Iteration 45
Iteration 46
Iteration 47
Iteration 48
Iteration 49
Iteration 50
Iteration 51
Iteration 52
Iteration 53
Iteration 54
Iteration 55
Iteration 56
Iteration 57
Iteration 58
Iteration 59
Iteration 60
Iteration 61
Iteration 62
Iteration 63
Iteration 64
Iteration 65
Iteration 66
Iteration 67
Iteration 68
Iteration 69
Iteration 70
Iteration 71
Iteration 72
Iteration 73
Iteration 74
Iteration 75
Iteration 76
Iteration 77
Iteration 78
Iteration 79
Iteration 80
Iteration 81
Iteration 82
Iteration 83
Iteration 84
Iteration 85
Iteration 86
Iteration 87
Iteration 88
Iteration 89
Iteration 90
Iteration 91
Iteration 92
Iteration 93
Iteration 94
Iteration 95
Iteration 96
Iteration 97
Iteration 98
Iteration 99
Final Pareto front:
   Particle with #features=9 accuracy=0.8611/0.7000 energy=22.3610 features=[tTotalAcc-max(),tTotalAcc-q25(),tTotalAcc-q75(),tTotalAcc-std(),tTotalAccJerk-median(),tTotalAccJerkL1Norm-iqr(),tTotalAccL1Norm-entropy(),tTotalAccMagSq-energy(),tTotalAccMagSq-mean()]
   Particle with #features=7 accuracy=0.8590/0.7016 energy=17.8000 features=[tTotalAcc-max(),tTotalAcc-q25(),tTotalAcc-q75(),tTotalAcc-std(),tTotalAccJerkL1Norm-iqr(),tTotalAccL1Norm-entropy(),tTotalAccMagSq-mean()]
   Particle with #features=5 accuracy=0.8526/0.6857 energy=9.6728 features=[tTotalAcc-q25(),tTotalAcc-q75(),tTotalAccJerkL1Norm-energy(),tTotalAccJerkL1Norm-iqr(),tTotalAccMagSq-median()]
   Particle with #features=5 accuracy=0.8484/0.6921 energy=9.1943 features=[tTotalAcc-q25(),tTotalAcc-q75(),tTotalAccJerkL1Norm-iqr(),tTotalAccJerkMagSq-median(),tTotalAccMagSq-median()]
   Particle with #features=3 accuracy=0.8453/0.6937 energy=7.1279 features=[tTotalAcc-q25(),tTotalAcc-q75(),tTotalAccJerkL1Norm-iqr()]
   Particle with #features=3 accuracy=0.8274/0.7063 energy=5.2675 features=[tTotalAcc-q75(),tTotalAccJerkMagSq-iqr(),tTotalAccJerkMagSq-max()]
   Particle with #features=3 accuracy=0.8242/0.6524 energy=4.9899 features=[tTotalAcc-q75(),tTotalAccJerkMagSq-iqr(),tTotalAccMagSq-mean()]
   Particle with #features=2 accuracy=0.8190/0.6429 energy=4.0405 features=[tTotalAcc-median(),tTotalAccJerkMagSq-iqr()]
   Particle with #features=2 accuracy=0.8074/0.6302 energy=4.0393 features=[tTotalAcc-median(),tTotalAccJerkL1Norm-iqr()]
   Particle with #features=2 accuracy=0.7968/0.6143 energy=3.7053 features=[tTotalAcc-mean(),tTotalAccJerkL1Norm-iqr()]
   Particle with #features=2 accuracy=0.7748/0.6476 energy=3.6879 features=[tTotalAcc-mean(),tTotalAccMagSq-iqr()]
   Particle with #features=1 accuracy=0.7558/0.6889 energy=3.1377 features=[tTotalAcc-q25()]
   Particle with #features=1 accuracy=0.7505/0.6270 energy=3.0993 features=[tTotalAcc-median()]
   Particle with #features=1 accuracy=0.7390/0.6175 energy=2.7652 features=[tTotalAcc-mean()]
   Particle with #features=2 accuracy=0.6369/0.5175 energy=2.2913 features=[tTotalAccJerkMagSq-max(),tTotalAccMagSq-min()]
   Particle with #features=2 accuracy=0.6179/0.5079 energy=2.2616 features=[tTotalAccMagSq-max(),tTotalAccMagSq-min()]
   Particle with #features=2 accuracy=0.6105/0.5460 energy=2.0073 features=[tTotalAccJerkMagSq-iqr(),tTotalAccMagSq-median()]
   Particle with #features=2 accuracy=0.6084/0.5571 energy=2.0064 features=[tTotalAccJerkMagSq-iqr(),tTotalAccMagSq-min()]
   Particle with #features=2 accuracy=0.5990/0.5365 energy=1.9887 features=[tTotalAccMagSq-iqr(),tTotalAccMagSq-median()]
   Particle with #features=1 accuracy=0.5947/0.4524 energy=1.2596 features=[tTotalAccJerkMagSq-max()]
   Particle with #features=1 accuracy=0.5400/0.4413 energy=1.2410 features=[tTotalAccMagSq-max()]
   Particle with #features=1 accuracy=0.5326/0.4730 energy=1.1031 features=[tTotalAccJerkMagSq-min()]
   Particle with #features=1 accuracy=0.5305/0.4619 energy=1.0844 features=[tTotalAccMagSq-min()]
   Particle with #features=1 accuracy=0.5127/0.4778 energy=0.9735 features=[tTotalAccJerkL1Norm-iqr()]
   Particle with #features=1 accuracy=0.5074/0.5238 energy=0.9609 features=[tTotalAccL1Norm-iqr()]
   Particle with #features=1 accuracy=0.4379/0.4270 energy=0.9561 features=[tTotalAccMagSq-iqr()]
   Particle with #features=0 accuracy=0.4000/0.4000 energy=0.0334 features=[]
Multi objective
Loading...
loaded file ../datasets/SPHERE/train/features.csv, dimensions: 580 x 98
loaded file ../datasets/SPHERE/train/y_train.txt, dimensions: 580 x 1
loaded file ../datasets/SPHERE/train/subject_train.txt, dimensions: 580 x 1
loaded file ../datasets/SPHERE/validation/features.csv, dimensions: 289 x 98
loaded file ../datasets/SPHERE/validation/y_validation.txt, dimensions: 289 x 1
loaded file ../datasets/SPHERE/validation/subject_validation.txt, dimensions: 289 x 1
loaded file ../datasets/SPHERE/test/features.csv, dimensions: 291 x 98
loaded file ../datasets/SPHERE/test/y_test.txt, dimensions: 291 x 1
loaded file ../datasets/SPHERE/test/subject_test.txt, dimensions: 291 x 1
subject left out: 3.0
Stopping energy value is 31.4710
Initializing starting positions and scores...
Initialization done, initial Pareto front:
   Particle with #features=24 accuracy=0.8400/0.7444 energy=49.9901 features=[tTotalAcc-energy(),tTotalAcc-max(),tTotalAcc-mean(),tTotalAcc-median(),tTotalAcc-min(),tTotalAcc-q25(),tTotalAcc-q75(),tTotalAcc-std(),tTotalAccJerk-energy(),tTotalAccJerkL1Norm-energy(),tTotalAccJerkL1Norm-max(),tTotalAccJerkL1Norm-mean(),tTotalAccJerkL1Norm-min(),tTotalAccJerkL1Norm-std(),tTotalAccJerkMagSq-iqr(),tTotalAccJerkMagSq-median(),tTotalAccL1Norm-energy(),tTotalAccL1Norm-max(),tTotalAccL1Norm-mean(),tTotalAccMagSq-entropy(),tTotalAccMagSq-iqr(),tTotalAccMagSq-max(),tTotalAccMagSq-median(),tTotalAccMagSq-std()]
   Particle with #features=20 accuracy=0.8390/0.7429 energy=42.1385 features=[tTotalAcc-energy(),tTotalAcc-iqr(),tTotalAcc-min(),tTotalAcc-q25(),tTotalAcc-q75(),tTotalAcc-std(),tTotalAccJerk-median(),tTotalAccJerk-std(),tTotalAccJerkMagSq-entropy(),tTotalAccJerkMagSq-max(),tTotalAccJerkMagSq-mean(),tTotalAccJerkMagSq-median(),tTotalAccJerkMagSq-min(),tTotalAccL1Norm-iqr(),tTotalAccL1Norm-max(),tTotalAccL1Norm-mean(),tTotalAccL1Norm-median(),tTotalAccMagSq-energy(),tTotalAccMagSq-mean(),tTotalAccMagSq-std()]
   Particle with #features=18 accuracy=0.8306/0.7476 energy=38.1847 features=[tTotalAcc-entropy(),tTotalAcc-iqr(),tTotalAcc-max(),tTotalAcc-q25(),tTotalAcc-q75(),tTotalAccJerk-median(),tTotalAccJerk-q25(),tTotalAccJerk-q75(),tTotalAccJerkL1Norm-min(),tTotalAccJerkMagSq-energy(),tTotalAccJerkMagSq-iqr(),tTotalAccJerkMagSq-max(),tTotalAccL1Norm-max(),tTotalAccL1Norm-median(),tTotalAccL1Norm-min(),tTotalAccMagSq-max(),tTotalAccMagSq-mean(),tTotalAccMagSq-std()]
   Particle with #features=20 accuracy=0.8263/0.7238 energy=35.7781 features=[tTotalAcc-energy(),tTotalAcc-max(),tTotalAcc-median(),tTotalAcc-q25(),tTotalAcc-q75(),tTotalAccJerkL1Norm-entropy(),tTotalAccJerkL1Norm-max(),tTotalAccJerkL1Norm-mean(),tTotalAccJerkL1Norm-min(),tTotalAccJerkL1Norm-std(),tTotalAccJerkMagSq-max(),tTotalAccJerkMagSq-mean(),tTotalAccJerkMagSq-min(),tTotalAccJerkMagSq-std(),tTotalAccL1Norm-energy(),tTotalAccL1Norm-max(),tTotalAccL1Norm-median(),tTotalAccMagSq-entropy(),tTotalAccMagSq-median(),tTotalAccMagSq-min()]
   Particle with #features=15 accuracy=0.8232/0.7556 energy=34.3371 features=[tTotalAcc-correlation(),tTotalAcc-max(),tTotalAcc-min(),tTotalAcc-q25(),tTotalAcc-std(),tTotalAccJerk-mean(),tTotalAccJerk-q25(),tTotalAccJerkL1Norm-entropy(),tTotalAccJerkL1Norm-iqr(),tTotalAccJerkL1Norm-mean(),tTotalAccL1Norm-std(),tTotalAccMagSq-entropy(),tTotalAccMagSq-iqr(),tTotalAccMagSq-median(),tTotalAccMagSq-min()]
   Particle with #features=19 accuracy=0.8221/0.7413 energy=28.8538 features=[tTotalAcc-max(),tTotalAcc-mean(),tTotalAcc-median(),tTotalAcc-min(),tTotalAccJerkL1Norm-max(),tTotalAccJerkL1Norm-mean(),tTotalAccJerkL1Norm-min(),tTotalAccJerkL1Norm-std(),tTotalAccJerkMagSq-energy(),tTotalAccJerkMagSq-iqr(),tTotalAccJerkMagSq-mean(),tTotalAccJerkMagSq-median(),tTotalAccL1Norm-iqr(),tTotalAccL1Norm-max(),tTotalAccL1Norm-median(),tTotalAccMagSq-iqr(),tTotalAccMagSq-mean(),tTotalAccMagSq-min(),tTotalAccMagSq-std()]
   Particle with #features=2 accuracy=0.8190/0.6429 energy=4.0405 features=[tTotalAcc-median(),tTotalAccJerkMagSq-iqr()]
   Particle with #features=2 accuracy=0.8074/0.6302 energy=4.0393 features=[tTotalAcc-median(),tTotalAccJerkL1Norm-iqr()]
   Particle with #features=2 accuracy=0.7968/0.6143 energy=3.7053 features=[tTotalAcc-mean(),tTotalAccJerkL1Norm-iqr()]
   Particle with #features=2 accuracy=0.7748/0.6476 energy=3.6879 features=[tTotalAcc-mean(),tTotalAccMagSq-iqr()]
   Particle with #features=2 accuracy=0.6369/0.5175 energy=2.2913 features=[tTotalAccJerkMagSq-max(),tTotalAccMagSq-min()]
   Particle with #features=2 accuracy=0.6179/0.5079 energy=2.2616 features=[tTotalAccMagSq-max(),tTotalAccMagSq-min()]
   Particle with #features=2 accuracy=0.6105/0.5460 energy=2.0073 features=[tTotalAccJerkMagSq-iqr(),tTotalAccMagSq-median()]
   Particle with #features=2 accuracy=0.6084/0.5571 energy=2.0064 features=[tTotalAccJerkMagSq-iqr(),tTotalAccMagSq-min()]
   Particle with #features=2 accuracy=0.5990/0.5365 energy=1.9887 features=[tTotalAccMagSq-iqr(),tTotalAccMagSq-median()]
   Particle with #features=2 accuracy=0.5758/0.5079 energy=1.8853 features=[tTotalAccJerkMagSq-iqr(),tTotalAccMagSq-mean()]
   Particle with #features=2 accuracy=0.5737/0.4984 energy=1.8667 features=[tTotalAccMagSq-iqr(),tTotalAccMagSq-mean()]
   Particle with #features=2 accuracy=0.4653/0.4143 energy=1.8594 features=[tTotalAccL1Norm-iqr(),tTotalAccMagSq-iqr()]
Iteration 0
Iteration 1
Iteration 2
Iteration 3
Iteration 4
Iteration 5
Iteration 6
Iteration 7
Iteration 8
Iteration 9
Iteration 10
Iteration 11
Iteration 12
Iteration 13
Iteration 14
Iteration 15
Iteration 16
Iteration 17
Iteration 18
Iteration 19
Iteration 20
Iteration 21
Iteration 22
Iteration 23
Iteration 24
Iteration 25
Iteration 26
Iteration 27
Iteration 28
Iteration 29
Iteration 30
Iteration 31
Iteration 32
Iteration 33
Iteration 34
Iteration 35
Iteration 36
Iteration 37
Iteration 38
Iteration 39
Iteration 40
Iteration 41
Iteration 42
Iteration 43
Iteration 44
Iteration 45
Iteration 46
Iteration 47
Iteration 48
Iteration 49
Iteration 50
Iteration 51
Iteration 52
Iteration 53
Iteration 54
Iteration 55
Iteration 56
Iteration 57
Iteration 58
Iteration 59
Iteration 60
Iteration 61
Iteration 62
Iteration 63
Iteration 64
Iteration 65
Iteration 66
Iteration 67
Iteration 68
Iteration 69
Iteration 70
Iteration 71
Iteration 72
Iteration 73
Iteration 74
Iteration 75
Iteration 76
Iteration 77
Iteration 78
Iteration 79
Iteration 80
Iteration 81
Iteration 82
Iteration 83
Iteration 84
Iteration 85
Iteration 86
Iteration 87
Iteration 88
Iteration 89
Iteration 90
Iteration 91
Iteration 92
Iteration 93
Iteration 94
Iteration 95
Iteration 96
Iteration 97
Iteration 98
Iteration 99
Final Pareto front:
   Particle with #features=8 accuracy=0.8579/0.7587 energy=14.7085 features=[tTotalAcc-max(),tTotalAcc-median(),tTotalAcc-q25(),tTotalAccJerkL1Norm-max(),tTotalAccJerkMagSq-iqr(),tTotalAccJerkMagSq-mean(),tTotalAccJerkMagSq-median(),tTotalAccMagSq-mean()]
   Particle with #features=5 accuracy=0.8547/0.7095 energy=9.2280 features=[tTotalAcc-q25(),tTotalAcc-q75(),tTotalAccJerkL1Norm-iqr(),tTotalAccJerkL1Norm-max(),tTotalAccMagSq-mean()]
   Particle with #features=4 accuracy=0.8484/0.7143 energy=8.3161 features=[tTotalAcc-q25(),tTotalAcc-q75(),tTotalAccJerkL1Norm-iqr(),tTotalAccJerkL1Norm-max()]
   Particle with #features=3 accuracy=0.8453/0.6937 energy=7.1279 features=[tTotalAcc-q25(),tTotalAcc-q75(),tTotalAccJerkL1Norm-iqr()]
   Particle with #features=4 accuracy=0.8358/0.6889 energy=6.3000 features=[tTotalAcc-q75(),tTotalAccJerkL1Norm-max(),tTotalAccJerkMagSq-iqr(),tTotalAccJerkMagSq-median()]
   Particle with #features=3 accuracy=0.8274/0.7063 energy=5.2675 features=[tTotalAcc-q75(),tTotalAccJerkMagSq-iqr(),tTotalAccJerkMagSq-max()]
   Particle with #features=3 accuracy=0.8242/0.6524 energy=4.9899 features=[tTotalAcc-q75(),tTotalAccJerkMagSq-iqr(),tTotalAccMagSq-mean()]
   Particle with #features=2 accuracy=0.8190/0.6429 energy=4.0405 features=[tTotalAcc-median(),tTotalAccJerkMagSq-iqr()]
   Particle with #features=2 accuracy=0.8074/0.6302 energy=4.0393 features=[tTotalAcc-median(),tTotalAccJerkL1Norm-iqr()]
   Particle with #features=2 accuracy=0.7968/0.6143 energy=3.7053 features=[tTotalAcc-mean(),tTotalAccJerkL1Norm-iqr()]
   Particle with #features=2 accuracy=0.7748/0.6476 energy=3.6879 features=[tTotalAcc-mean(),tTotalAccMagSq-iqr()]
   Particle with #features=1 accuracy=0.7558/0.6889 energy=3.1377 features=[tTotalAcc-q25()]
   Particle with #features=1 accuracy=0.7505/0.6270 energy=3.0993 features=[tTotalAcc-median()]
   Particle with #features=1 accuracy=0.7390/0.6175 energy=2.7652 features=[tTotalAcc-mean()]
   Particle with #features=2 accuracy=0.6369/0.5175 energy=2.2913 features=[tTotalAccJerkMagSq-max(),tTotalAccMagSq-min()]
   Particle with #features=2 accuracy=0.6179/0.5079 energy=2.2616 features=[tTotalAccMagSq-max(),tTotalAccMagSq-min()]
   Particle with #features=2 accuracy=0.6105/0.5460 energy=2.0073 features=[tTotalAccJerkMagSq-iqr(),tTotalAccMagSq-median()]
   Particle with #features=2 accuracy=0.6084/0.5571 energy=2.0064 features=[tTotalAccJerkMagSq-iqr(),tTotalAccMagSq-min()]
   Particle with #features=2 accuracy=0.5990/0.5365 energy=1.9887 features=[tTotalAccMagSq-iqr(),tTotalAccMagSq-median()]
   Particle with #features=1 accuracy=0.5947/0.4524 energy=1.2596 features=[tTotalAccJerkMagSq-max()]
   Particle with #features=1 accuracy=0.5400/0.4413 energy=1.2410 features=[tTotalAccMagSq-max()]
   Particle with #features=1 accuracy=0.5326/0.4730 energy=1.1031 features=[tTotalAccJerkMagSq-min()]
   Particle with #features=1 accuracy=0.5305/0.4619 energy=1.0844 features=[tTotalAccMagSq-min()]
   Particle with #features=1 accuracy=0.5127/0.4778 energy=0.9735 features=[tTotalAccJerkL1Norm-iqr()]
   Particle with #features=1 accuracy=0.5074/0.5238 energy=0.9609 features=[tTotalAccL1Norm-iqr()]
   Particle with #features=1 accuracy=0.4379/0.4270 energy=0.9561 features=[tTotalAccMagSq-iqr()]
   Particle with #features=0 accuracy=0.4000/0.4000 energy=0.0334 features=[]
Multi objective
Loading...
loaded file ../datasets/SPHERE/train/features.csv, dimensions: 580 x 98
loaded file ../datasets/SPHERE/train/y_train.txt, dimensions: 580 x 1
loaded file ../datasets/SPHERE/train/subject_train.txt, dimensions: 580 x 1
loaded file ../datasets/SPHERE/validation/features.csv, dimensions: 289 x 98
loaded file ../datasets/SPHERE/validation/y_validation.txt, dimensions: 289 x 1
loaded file ../datasets/SPHERE/validation/subject_validation.txt, dimensions: 289 x 1
loaded file ../datasets/SPHERE/test/features.csv, dimensions: 291 x 98
loaded file ../datasets/SPHERE/test/y_test.txt, dimensions: 291 x 1
loaded file ../datasets/SPHERE/test/subject_test.txt, dimensions: 291 x 1
subject left out: 3.0
Stopping energy value is 31.4710
Initializing starting positions and scores...
Initialization done, initial Pareto front:
   Particle with #features=21 accuracy=0.8432/0.7349 energy=45.4497 features=[tTotalAcc-energy(),tTotalAcc-max(),tTotalAcc-mean(),tTotalAcc-q25(),tTotalAcc-q75(),tTotalAcc-std(),tTotalAccJerk-max(),tTotalAccJerk-median(),tTotalAccJerk-q25(),tTotalAccJerkL1Norm-energy(),tTotalAccJerkL1Norm-mean(),tTotalAccJerkL1Norm-median(),tTotalAccJerkL1Norm-std(),tTotalAccJerkMagSq-energy(),tTotalAccJerkMagSq-iqr(),tTotalAccJerkMagSq-median(),tTotalAccJerkMagSq-std(),tTotalAccL1Norm-median(),tTotalAccL1Norm-std(),tTotalAccMagSq-mean(),tTotalAccMagSq-min()]
   Particle with #features=17 accuracy=0.8358/0.7556 energy=38.8319 features=[tTotalAcc-correlation(),tTotalAcc-iqr(),tTotalAcc-max(),tTotalAcc-min(),tTotalAcc-q25(),tTotalAcc-std(),tTotalAccJerk-correlation(),tTotalAccJerkL1Norm-entropy(),tTotalAccJerkMagSq-energy(),tTotalAccJerkMagSq-max(),tTotalAccJerkMagSq-std(),tTotalAccL1Norm-entropy(),tTotalAccMagSq-iqr(),tTotalAccMagSq-mean(),tTotalAccMagSq-median(),tTotalAccMagSq-min(),tTotalAccMagSq-std()]
   Particle with #features=14 accuracy=0.8263/0.7381 energy=28.5596 features=[tTotalAcc-correlation(),tTotalAcc-max(),tTotalAcc-mean(),tTotalAcc-q25(),tTotalAccJerk-iqr(),tTotalAccJerk-q25(),tTotalAccJerkMagSq-iqr(),tTotalAccJerkMagSq-min(),tTotalAccL1Norm-entropy(),tTotalAccL1Norm-iqr(),tTotalAccL1Norm-max(),tTotalAccL1Norm-median(),tTotalAccMagSq-max(),tTotalAccMagSq-min()]
   Particle with #features=2 accuracy=0.8190/0.6429 energy=4.0405 features=[tTotalAcc-median(),tTotalAccJerkMagSq-iqr()]
   Particle with #features=2 accuracy=0.8074/0.6302 energy=4.0393 features=[tTotalAcc-median(),tTotalAccJerkL1Norm-iqr()]
   Particle with #features=2 accuracy=0.7968/0.6143 energy=3.7053 features=[tTotalAcc-mean(),tTotalAccJerkL1Norm-iqr()]
   Particle with #features=2 accuracy=0.7748/0.6476 energy=3.6879 features=[tTotalAcc-mean(),tTotalAccMagSq-iqr()]
   Particle with #features=2 accuracy=0.6369/0.5175 energy=2.2913 features=[tTotalAccJerkMagSq-max(),tTotalAccMagSq-min()]
   Particle with #features=2 accuracy=0.6179/0.5079 energy=2.2616 features=[tTotalAccMagSq-max(),tTotalAccMagSq-min()]
   Particle with #features=2 accuracy=0.6105/0.5460 energy=2.0073 features=[tTotalAccJerkMagSq-iqr(),tTotalAccMagSq-median()]
   Particle with #features=2 accuracy=0.6084/0.5571 energy=2.0064 features=[tTotalAccJerkMagSq-iqr(),tTotalAccMagSq-min()]
   Particle with #features=2 accuracy=0.5990/0.5365 energy=1.9887 features=[tTotalAccMagSq-iqr(),tTotalAccMagSq-median()]
   Particle with #features=2 accuracy=0.5758/0.5079 energy=1.8853 features=[tTotalAccJerkMagSq-iqr(),tTotalAccMagSq-mean()]
   Particle with #features=2 accuracy=0.5737/0.4984 energy=1.8667 features=[tTotalAccMagSq-iqr(),tTotalAccMagSq-mean()]
   Particle with #features=2 accuracy=0.4653/0.4143 energy=1.8594 features=[tTotalAccL1Norm-iqr(),tTotalAccMagSq-iqr()]
Iteration 0
Iteration 1
Iteration 2
Iteration 3
Iteration 4
Iteration 5
Iteration 6
Iteration 7
Iteration 8
Iteration 9
Iteration 10
Iteration 11
Iteration 12
Iteration 13
Iteration 14
Iteration 15
Iteration 16
Iteration 17
Iteration 18
Iteration 19
Iteration 20
Iteration 21
Iteration 22
Iteration 23
Iteration 24
Iteration 25
Iteration 26
Iteration 27
Iteration 28
Iteration 29
Iteration 30
Iteration 31
Iteration 32
Iteration 33
Iteration 34
Iteration 35
Iteration 36
Iteration 37
Iteration 38
Iteration 39
Iteration 40
Iteration 41
Iteration 42
Iteration 43
Iteration 44
Iteration 45
Iteration 46
Iteration 47
Iteration 48
Iteration 49
Iteration 50
Iteration 51
Iteration 52
Iteration 53
Iteration 54
Iteration 55
Iteration 56
Iteration 57
Iteration 58
Iteration 59
Iteration 60
Iteration 61
Iteration 62
Iteration 63
Iteration 64
Iteration 65
Iteration 66
Iteration 67
Iteration 68
Iteration 69
Iteration 70
Iteration 71
Iteration 72
Iteration 73
Iteration 74
Iteration 75
Iteration 76
Iteration 77
Iteration 78
Iteration 79
Iteration 80
Iteration 81
Iteration 82
Iteration 83
Iteration 84
Iteration 85
Iteration 86
Iteration 87
Iteration 88
Iteration 89
Iteration 90
Iteration 91
Iteration 92
Iteration 93
Iteration 94
Iteration 95
Iteration 96
Iteration 97
Iteration 98
Iteration 99
Final Pareto front:
   Particle with #features=7 accuracy=0.8600/0.7016 energy=15.0444 features=[tTotalAcc-max(),tTotalAcc-q25(),tTotalAcc-q75(),tTotalAccJerkL1Norm-entropy(),tTotalAccJerkMagSq-iqr(),tTotalAccL1Norm-entropy(),tTotalAccMagSq-mean()]
   Particle with #features=6 accuracy=0.8569/0.7254 energy=10.9639 features=[tTotalAcc-q25(),tTotalAcc-q75(),tTotalAccJerkL1Norm-max(),tTotalAccJerkMagSq-iqr(),tTotalAccL1Norm-entropy(),tTotalAccMagSq-mean()]
   Particle with #features=5 accuracy=0.8547/0.7095 energy=9.2280 features=[tTotalAcc-q25(),tTotalAcc-q75(),tTotalAccJerkL1Norm-iqr(),tTotalAccJerkL1Norm-max(),tTotalAccMagSq-mean()]
   Particle with #features=5 accuracy=0.8526/0.6778 energy=9.0723 features=[tTotalAcc-q25(),tTotalAcc-q75(),tTotalAccJerkL1Norm-iqr(),tTotalAccJerkL1Norm-median(),tTotalAccMagSq-mean()]
   Particle with #features=4 accuracy=0.8484/0.7143 energy=8.3161 features=[tTotalAcc-q25(),tTotalAcc-q75(),tTotalAccJerkL1Norm-iqr(),tTotalAccJerkL1Norm-max()]
   Particle with #features=3 accuracy=0.8453/0.6937 energy=7.1279 features=[tTotalAcc-q25(),tTotalAcc-q75(),tTotalAccJerkL1Norm-iqr()]
   Particle with #features=3 accuracy=0.8274/0.7063 energy=5.2675 features=[tTotalAcc-q75(),tTotalAccJerkMagSq-iqr(),tTotalAccJerkMagSq-max()]
   Particle with #features=3 accuracy=0.8242/0.6524 energy=4.9899 features=[tTotalAcc-q75(),tTotalAccJerkMagSq-iqr(),tTotalAccMagSq-mean()]
   Particle with #features=2 accuracy=0.8190/0.6429 energy=4.0405 features=[tTotalAcc-median(),tTotalAccJerkMagSq-iqr()]
   Particle with #features=2 accuracy=0.8074/0.6302 energy=4.0393 features=[tTotalAcc-median(),tTotalAccJerkL1Norm-iqr()]
   Particle with #features=2 accuracy=0.7968/0.6143 energy=3.7053 features=[tTotalAcc-mean(),tTotalAccJerkL1Norm-iqr()]
   Particle with #features=2 accuracy=0.7748/0.6476 energy=3.6879 features=[tTotalAcc-mean(),tTotalAccMagSq-iqr()]
   Particle with #features=1 accuracy=0.7558/0.6889 energy=3.1377 features=[tTotalAcc-q25()]
   Particle with #features=1 accuracy=0.7505/0.6270 energy=3.0993 features=[tTotalAcc-median()]
   Particle with #features=1 accuracy=0.7390/0.6175 energy=2.7652 features=[tTotalAcc-mean()]
   Particle with #features=2 accuracy=0.6369/0.5175 energy=2.2913 features=[tTotalAccJerkMagSq-max(),tTotalAccMagSq-min()]
   Particle with #features=2 accuracy=0.6179/0.5079 energy=2.2616 features=[tTotalAccMagSq-max(),tTotalAccMagSq-min()]
   Particle with #features=2 accuracy=0.6105/0.5460 energy=2.0073 features=[tTotalAccJerkMagSq-iqr(),tTotalAccMagSq-median()]
   Particle with #features=2 accuracy=0.6084/0.5571 energy=2.0064 features=[tTotalAccJerkMagSq-iqr(),tTotalAccMagSq-min()]
   Particle with #features=2 accuracy=0.5990/0.5365 energy=1.9887 features=[tTotalAccMagSq-iqr(),tTotalAccMagSq-median()]
   Particle with #features=1 accuracy=0.5947/0.4524 energy=1.2596 features=[tTotalAccJerkMagSq-max()]
   Particle with #features=1 accuracy=0.5400/0.4413 energy=1.2410 features=[tTotalAccMagSq-max()]
   Particle with #features=1 accuracy=0.5326/0.4730 energy=1.1031 features=[tTotalAccJerkMagSq-min()]
   Particle with #features=1 accuracy=0.5305/0.4619 energy=1.0844 features=[tTotalAccMagSq-min()]
   Particle with #features=1 accuracy=0.5127/0.4778 energy=0.9735 features=[tTotalAccJerkL1Norm-iqr()]
   Particle with #features=1 accuracy=0.5074/0.5238 energy=0.9609 features=[tTotalAccL1Norm-iqr()]
   Particle with #features=1 accuracy=0.4379/0.4270 energy=0.9561 features=[tTotalAccMagSq-iqr()]
   Particle with #features=0 accuracy=0.4000/0.4000 energy=0.0334 features=[]
Multi objective
Loading...
loaded file ../datasets/SPHERE/train/features.csv, dimensions: 580 x 98
loaded file ../datasets/SPHERE/train/y_train.txt, dimensions: 580 x 1
loaded file ../datasets/SPHERE/train/subject_train.txt, dimensions: 580 x 1
loaded file ../datasets/SPHERE/validation/features.csv, dimensions: 289 x 98
loaded file ../datasets/SPHERE/validation/y_validation.txt, dimensions: 289 x 1
loaded file ../datasets/SPHERE/validation/subject_validation.txt, dimensions: 289 x 1
loaded file ../datasets/SPHERE/test/features.csv, dimensions: 291 x 98
loaded file ../datasets/SPHERE/test/y_test.txt, dimensions: 291 x 1
loaded file ../datasets/SPHERE/test/subject_test.txt, dimensions: 291 x 1
subject left out: 3.0
Stopping energy value is 31.4710
Initializing starting positions and scores...
Initialization done, initial Pareto front:
   Particle with #features=24 accuracy=0.8400/0.7429 energy=54.1158 features=[tTotalAcc-correlation(),tTotalAcc-max(),tTotalAcc-mean(),tTotalAcc-q25(),tTotalAcc-q75(),tTotalAcc-std(),tTotalAccJerk-energy(),tTotalAccJerk-max(),tTotalAccJerk-min(),tTotalAccJerk-q25(),tTotalAccJerk-q75(),tTotalAccJerkL1Norm-iqr(),tTotalAccJerkL1Norm-std(),tTotalAccJerkMagSq-energy(),tTotalAccJerkMagSq-max(),tTotalAccJerkMagSq-min(),tTotalAccL1Norm-energy(),tTotalAccL1Norm-entropy(),tTotalAccL1Norm-iqr(),tTotalAccL1Norm-median(),tTotalAccMagSq-max(),tTotalAccMagSq-mean(),tTotalAccMagSq-median(),tTotalAccMagSq-min()]
   Particle with #features=22 accuracy=0.8369/0.7587 energy=43.4263 features=[tTotalAcc-correlation(),tTotalAcc-iqr(),tTotalAcc-max(),tTotalAcc-mean(),tTotalAcc-min(),tTotalAcc-q25(),tTotalAccJerk-energy(),tTotalAccJerk-max(),tTotalAccJerkL1Norm-max(),tTotalAccJerkL1Norm-min(),tTotalAccJerkMagSq-energy(),tTotalAccJerkMagSq-iqr(),tTotalAccJerkMagSq-max(),tTotalAccJerkMagSq-mean(),tTotalAccL1Norm-entropy(),tTotalAccL1Norm-max(),tTotalAccL1Norm-mean(),tTotalAccMagSq-iqr(),tTotalAccMagSq-mean(),tTotalAccMagSq-median(),tTotalAccMagSq-min(),tTotalAccMagSq-std()]
   Particle with #features=19 accuracy=0.8316/0.7460 energy=40.6449 features=[tTotalAcc-energy(),tTotalAcc-iqr(),tTotalAcc-mean(),tTotalAcc-min(),tTotalAcc-q25(),tTotalAcc-q75(),tTotalAcc-std(),tTotalAccJerk-std(),tTotalAccJerkL1Norm-energy(),tTotalAccJerkL1Norm-max(),tTotalAccJerkL1Norm-min(),tTotalAccJerkL1Norm-std(),tTotalAccJerkMagSq-iqr(),tTotalAccJerkMagSq-max(),tTotalAccJerkMagSq-median(),tTotalAccL1Norm-iqr(),tTotalAccL1Norm-mean(),tTotalAccL1Norm-min(),tTotalAccMagSq-energy()]
   Particle with #features=20 accuracy=0.8305/0.7460 energy=39.0387 features=[tTotalAcc-energy(),tTotalAcc-max(),tTotalAcc-min(),tTotalAcc-q25(),tTotalAccJerk-iqr(),tTotalAccJerk-mean(),tTotalAccJerk-median(),tTotalAccJerkL1Norm-entropy(),tTotalAccJerkL1Norm-max(),tTotalAccJerkL1Norm-mean(),tTotalAccJerkMagSq-energy(),tTotalAccJerkMagSq-mean(),tTotalAccJerkMagSq-median(),tTotalAccL1Norm-energy(),tTotalAccL1Norm-iqr(),tTotalAccL1Norm-max(),tTotalAccL1Norm-std(),tTotalAccMagSq-energy(),tTotalAccMagSq-min(),tTotalAccMagSq-std()]
   Particle with #features=17 accuracy=0.8263/0.7286 energy=37.0799 features=[tTotalAcc-iqr(),tTotalAcc-max(),tTotalAcc-q25(),tTotalAccJerk-iqr(),tTotalAccJerk-median(),tTotalAccJerk-q25(),tTotalAccJerk-q75(),tTotalAccJerk-std(),tTotalAccJerkL1Norm-max(),tTotalAccJerkMagSq-entropy(),tTotalAccL1Norm-max(),tTotalAccL1Norm-min(),tTotalAccL1Norm-std(),tTotalAccMagSq-energy(),tTotalAccMagSq-mean(),tTotalAccMagSq-median(),tTotalAccMagSq-std()]
   Particle with #features=17 accuracy=0.8232/0.7302 energy=31.7305 features=[tTotalAcc-iqr(),tTotalAcc-median(),tTotalAcc-min(),tTotalAcc-q25(),tTotalAccJerk-max(),tTotalAccJerk-q25(),tTotalAccJerkL1Norm-iqr(),tTotalAccJerkL1Norm-max(),tTotalAccJerkMagSq-energy(),tTotalAccJerkMagSq-entropy(),tTotalAccJerkMagSq-iqr(),tTotalAccL1Norm-energy(),tTotalAccL1Norm-iqr(),tTotalAccL1Norm-max(),tTotalAccL1Norm-mean(),tTotalAccL1Norm-std(),tTotalAccMagSq-median()]
   Particle with #features=2 accuracy=0.8190/0.6429 energy=4.0405 features=[tTotalAcc-median(),tTotalAccJerkMagSq-iqr()]
   Particle with #features=2 accuracy=0.8074/0.6302 energy=4.0393 features=[tTotalAcc-median(),tTotalAccJerkL1Norm-iqr()]
   Particle with #features=2 accuracy=0.7968/0.6143 energy=3.7053 features=[tTotalAcc-mean(),tTotalAccJerkL1Norm-iqr()]
   Particle with #features=2 accuracy=0.7748/0.6476 energy=3.6879 features=[tTotalAcc-mean(),tTotalAccMagSq-iqr()]
   Particle with #features=2 accuracy=0.6369/0.5175 energy=2.2913 features=[tTotalAccJerkMagSq-max(),tTotalAccMagSq-min()]
   Particle with #features=2 accuracy=0.6179/0.5079 energy=2.2616 features=[tTotalAccMagSq-max(),tTotalAccMagSq-min()]
   Particle with #features=2 accuracy=0.6105/0.5460 energy=2.0073 features=[tTotalAccJerkMagSq-iqr(),tTotalAccMagSq-median()]
   Particle with #features=2 accuracy=0.6084/0.5571 energy=2.0064 features=[tTotalAccJerkMagSq-iqr(),tTotalAccMagSq-min()]
   Particle with #features=2 accuracy=0.5990/0.5365 energy=1.9887 features=[tTotalAccMagSq-iqr(),tTotalAccMagSq-median()]
   Particle with #features=2 accuracy=0.5758/0.5079 energy=1.8853 features=[tTotalAccJerkMagSq-iqr(),tTotalAccMagSq-mean()]
   Particle with #features=2 accuracy=0.5737/0.4984 energy=1.8667 features=[tTotalAccMagSq-iqr(),tTotalAccMagSq-mean()]
   Particle with #features=2 accuracy=0.4653/0.4143 energy=1.8594 features=[tTotalAccL1Norm-iqr(),tTotalAccMagSq-iqr()]
Iteration 0
Iteration 1
Iteration 2
Iteration 3
Iteration 4
Iteration 5
Iteration 6
Iteration 7
Iteration 8
Iteration 9
Iteration 10
Iteration 11
Iteration 12
Iteration 13
Iteration 14
Iteration 15
Iteration 16
Iteration 17
Iteration 18
Iteration 19
Iteration 20
Iteration 21
Iteration 22
Iteration 23
Iteration 24
Iteration 25
Iteration 26
Iteration 27
Iteration 28
Iteration 29
Iteration 30
Iteration 31
Iteration 32
Iteration 33
Iteration 34
Iteration 35
Iteration 36
Iteration 37
Iteration 38
Iteration 39
Iteration 40
Iteration 41
Iteration 42
Iteration 43
Iteration 44
Iteration 45
Iteration 46
Iteration 47
Iteration 48
Iteration 49
Iteration 50
Iteration 51
Iteration 52
Iteration 53
Iteration 54
Iteration 55
Iteration 56
Iteration 57
Iteration 58
Iteration 59
Iteration 60
Iteration 61
Iteration 62
Iteration 63
Iteration 64
Iteration 65
Iteration 66
Iteration 67
Iteration 68
Iteration 69
Iteration 70
Iteration 71
Iteration 72
Iteration 73
Iteration 74
Iteration 75
Iteration 76
Iteration 77
Iteration 78
Iteration 79
Iteration 80
Iteration 81
Iteration 82
Iteration 83
Iteration 84
Iteration 85
Iteration 86
Iteration 87
Iteration 88
Iteration 89
Iteration 90
Iteration 91
Iteration 92
Iteration 93
Iteration 94
Iteration 95
Iteration 96
Iteration 97
Iteration 98
Iteration 99
Final Pareto front:
   Particle with #features=6 accuracy=0.8537/0.7079 energy=14.8034 features=[tTotalAcc-max(),tTotalAcc-median(),tTotalAcc-q25(),tTotalAccJerk-q25(),tTotalAccJerkMagSq-iqr(),tTotalAccMagSq-median()]
   Particle with #features=5 accuracy=0.8526/0.7492 energy=9.8325 features=[tTotalAcc-max(),tTotalAcc-q25(),tTotalAccJerkMagSq-iqr(),tTotalAccL1Norm-max(),tTotalAccMagSq-median()]
   Particle with #features=5 accuracy=0.8495/0.7254 energy=9.3499 features=[tTotalAcc-q25(),tTotalAcc-q75(),tTotalAccJerkL1Norm-max(),tTotalAccJerkMagSq-iqr(),tTotalAccL1Norm-median()]
   Particle with #features=4 accuracy=0.8484/0.7143 energy=8.3161 features=[tTotalAcc-q25(),tTotalAcc-q75(),tTotalAccJerkL1Norm-iqr(),tTotalAccJerkL1Norm-max()]
   Particle with #features=3 accuracy=0.8453/0.6937 energy=7.1279 features=[tTotalAcc-q25(),tTotalAcc-q75(),tTotalAccJerkL1Norm-iqr()]
   Particle with #features=4 accuracy=0.8263/0.7460 energy=6.1778 features=[tTotalAcc-q25(),tTotalAccJerkL1Norm-max(),tTotalAccJerkMagSq-iqr(),tTotalAccJerkMagSq-mean()]
   Particle with #features=3 accuracy=0.8242/0.6524 energy=4.9899 features=[tTotalAcc-q75(),tTotalAccJerkMagSq-iqr(),tTotalAccMagSq-mean()]
   Particle with #features=2 accuracy=0.8190/0.6429 energy=4.0405 features=[tTotalAcc-median(),tTotalAccJerkMagSq-iqr()]
   Particle with #features=2 accuracy=0.8074/0.6302 energy=4.0393 features=[tTotalAcc-median(),tTotalAccJerkL1Norm-iqr()]
   Particle with #features=2 accuracy=0.7968/0.6143 energy=3.7053 features=[tTotalAcc-mean(),tTotalAccJerkL1Norm-iqr()]
   Particle with #features=2 accuracy=0.7748/0.6476 energy=3.6879 features=[tTotalAcc-mean(),tTotalAccMagSq-iqr()]
   Particle with #features=1 accuracy=0.7558/0.6889 energy=3.1377 features=[tTotalAcc-q25()]
   Particle with #features=1 accuracy=0.7505/0.6270 energy=3.0993 features=[tTotalAcc-median()]
   Particle with #features=1 accuracy=0.7390/0.6175 energy=2.7652 features=[tTotalAcc-mean()]
   Particle with #features=2 accuracy=0.6369/0.5175 energy=2.2913 features=[tTotalAccJerkMagSq-max(),tTotalAccMagSq-min()]
   Particle with #features=2 accuracy=0.6179/0.5079 energy=2.2616 features=[tTotalAccMagSq-max(),tTotalAccMagSq-min()]
   Particle with #features=2 accuracy=0.6105/0.5460 energy=2.0073 features=[tTotalAccJerkMagSq-iqr(),tTotalAccMagSq-median()]
   Particle with #features=2 accuracy=0.6084/0.5571 energy=2.0064 features=[tTotalAccJerkMagSq-iqr(),tTotalAccMagSq-min()]
   Particle with #features=2 accuracy=0.5990/0.5365 energy=1.9887 features=[tTotalAccMagSq-iqr(),tTotalAccMagSq-median()]
   Particle with #features=1 accuracy=0.5947/0.4524 energy=1.2596 features=[tTotalAccJerkMagSq-max()]
   Particle with #features=1 accuracy=0.5400/0.4413 energy=1.2410 features=[tTotalAccMagSq-max()]
   Particle with #features=1 accuracy=0.5326/0.4730 energy=1.1031 features=[tTotalAccJerkMagSq-min()]
   Particle with #features=1 accuracy=0.5305/0.4619 energy=1.0844 features=[tTotalAccMagSq-min()]
   Particle with #features=1 accuracy=0.5127/0.4778 energy=0.9735 features=[tTotalAccJerkL1Norm-iqr()]
   Particle with #features=1 accuracy=0.5074/0.5238 energy=0.9609 features=[tTotalAccL1Norm-iqr()]
   Particle with #features=1 accuracy=0.4379/0.4270 energy=0.9561 features=[tTotalAccMagSq-iqr()]
   Particle with #features=0 accuracy=0.4000/0.4000 energy=0.0334 features=[]
Multi objective
Loading...
loaded file ../datasets/SPHERE/train/features.csv, dimensions: 580 x 98
loaded file ../datasets/SPHERE/train/y_train.txt, dimensions: 580 x 1
loaded file ../datasets/SPHERE/train/subject_train.txt, dimensions: 580 x 1
loaded file ../datasets/SPHERE/validation/features.csv, dimensions: 289 x 98
loaded file ../datasets/SPHERE/validation/y_validation.txt, dimensions: 289 x 1
loaded file ../datasets/SPHERE/validation/subject_validation.txt, dimensions: 289 x 1
loaded file ../datasets/SPHERE/test/features.csv, dimensions: 291 x 98
loaded file ../datasets/SPHERE/test/y_test.txt, dimensions: 291 x 1
loaded file ../datasets/SPHERE/test/subject_test.txt, dimensions: 291 x 1
subject left out: 3.0
Stopping energy value is 31.4710
Initializing starting positions and scores...
Initialization done, initial Pareto front:
   Particle with #features=22 accuracy=0.8400/0.7524 energy=50.8918 features=[tTotalAcc-energy(),tTotalAcc-max(),tTotalAcc-mean(),tTotalAcc-median(),tTotalAcc-q25(),tTotalAcc-q75(),tTotalAccJerk-entropy(),tTotalAccJerk-min(),tTotalAccJerk-q25(),tTotalAccJerk-std(),tTotalAccJerkL1Norm-iqr(),tTotalAccJerkL1Norm-max(),tTotalAccJerkL1Norm-median(),tTotalAccJerkL1Norm-min(),tTotalAccJerkL1Norm-std(),tTotalAccJerkMagSq-energy(),tTotalAccJerkMagSq-iqr(),tTotalAccL1Norm-entropy(),tTotalAccL1Norm-max(),tTotalAccL1Norm-std(),tTotalAccMagSq-energy(),tTotalAccMagSq-median()]
   Particle with #features=23 accuracy=0.8379/0.7365 energy=49.9967 features=[tTotalAcc-energy(),tTotalAcc-entropy(),tTotalAcc-mean(),tTotalAcc-median(),tTotalAcc-min(),tTotalAcc-q75(),tTotalAcc-std(),tTotalAccJerk-q25(),tTotalAccJerk-std(),tTotalAccJerkL1Norm-energy(),tTotalAccJerkL1Norm-iqr(),tTotalAccJerkL1Norm-max(),tTotalAccJerkL1Norm-std(),tTotalAccJerkMagSq-iqr(),tTotalAccJerkMagSq-mean(),tTotalAccL1Norm-max(),tTotalAccL1Norm-min(),tTotalAccL1Norm-std(),tTotalAccMagSq-energy(),tTotalAccMagSq-max(),tTotalAccMagSq-mean(),tTotalAccMagSq-median(),tTotalAccMagSq-min()]
   Particle with #features=23 accuracy=0.8358/0.7429 energy=48.9825 features=[tTotalAcc-correlation(),tTotalAcc-energy(),tTotalAcc-entropy(),tTotalAcc-max(),tTotalAcc-mean(),tTotalAcc-median(),tTotalAcc-min(),tTotalAcc-q75(),tTotalAccJerk-min(),tTotalAccJerkL1Norm-energy(),tTotalAccJerkL1Norm-min(),tTotalAccJerkMagSq-energy(),tTotalAccJerkMagSq-max(),tTotalAccJerkMagSq-mean(),tTotalAccJerkMagSq-median(),tTotalAccL1Norm-energy(),tTotalAccL1Norm-max(),tTotalAccL1Norm-mean(),tTotalAccL1Norm-median(),tTotalAccMagSq-energy(),tTotalAccMagSq-mean(),tTotalAccMagSq-median(),tTotalAccMagSq-min()]
   Particle with #features=17 accuracy=0.8348/0.7254 energy=35.4764 features=[tTotalAcc-energy(),tTotalAcc-max(),tTotalAcc-min(),tTotalAcc-q75(),tTotalAcc-std(),tTotalAccJerk-iqr(),tTotalAccJerk-min(),tTotalAccJerkL1Norm-mean(),tTotalAccJerkL1Norm-median(),tTotalAccJerkMagSq-iqr(),tTotalAccJerkMagSq-median(),tTotalAccL1Norm-entropy(),tTotalAccL1Norm-median(),tTotalAccMagSq-mean(),tTotalAccMagSq-median(),tTotalAccMagSq-min(),tTotalAccMagSq-std()]
   Particle with #features=17 accuracy=0.8211/0.7365 energy=33.3030 features=[tTotalAcc-max(),tTotalAcc-min(),tTotalAcc-q75(),tTotalAcc-std(),tTotalAccJerk-energy(),tTotalAccJerkL1Norm-energy(),tTotalAccJerkL1Norm-mean(),tTotalAccJerkMagSq-energy(),tTotalAccJerkMagSq-entropy(),tTotalAccJerkMagSq-iqr(),tTotalAccJerkMagSq-mean(),tTotalAccJerkMagSq-min(),tTotalAccL1Norm-entropy(),tTotalAccL1Norm-mean(),tTotalAccL1Norm-std(),tTotalAccMagSq-iqr(),tTotalAccMagSq-min()]
   Particle with #features=2 accuracy=0.8190/0.6429 energy=4.0405 features=[tTotalAcc-median(),tTotalAccJerkMagSq-iqr()]
   Particle with #features=2 accuracy=0.8074/0.6302 energy=4.0393 features=[tTotalAcc-median(),tTotalAccJerkL1Norm-iqr()]
   Particle with #features=2 accuracy=0.7968/0.6143 energy=3.7053 features=[tTotalAcc-mean(),tTotalAccJerkL1Norm-iqr()]
   Particle with #features=2 accuracy=0.7748/0.6476 energy=3.6879 features=[tTotalAcc-mean(),tTotalAccMagSq-iqr()]
   Particle with #features=2 accuracy=0.6369/0.5175 energy=2.2913 features=[tTotalAccJerkMagSq-max(),tTotalAccMagSq-min()]
   Particle with #features=2 accuracy=0.6179/0.5079 energy=2.2616 features=[tTotalAccMagSq-max(),tTotalAccMagSq-min()]
   Particle with #features=2 accuracy=0.6105/0.5460 energy=2.0073 features=[tTotalAccJerkMagSq-iqr(),tTotalAccMagSq-median()]
   Particle with #features=2 accuracy=0.6084/0.5571 energy=2.0064 features=[tTotalAccJerkMagSq-iqr(),tTotalAccMagSq-min()]
   Particle with #features=2 accuracy=0.5990/0.5365 energy=1.9887 features=[tTotalAccMagSq-iqr(),tTotalAccMagSq-median()]
   Particle with #features=2 accuracy=0.5758/0.5079 energy=1.8853 features=[tTotalAccJerkMagSq-iqr(),tTotalAccMagSq-mean()]
   Particle with #features=2 accuracy=0.5737/0.4984 energy=1.8667 features=[tTotalAccMagSq-iqr(),tTotalAccMagSq-mean()]
   Particle with #features=2 accuracy=0.4653/0.4143 energy=1.8594 features=[tTotalAccL1Norm-iqr(),tTotalAccMagSq-iqr()]
Iteration 0
Iteration 1
Iteration 2
Iteration 3
Iteration 4
Iteration 5
Iteration 6
Iteration 7
Iteration 8
Iteration 9
Iteration 10
Iteration 11
Iteration 12
Iteration 13
Iteration 14
Iteration 15
Iteration 16
Iteration 17
Iteration 18
Iteration 19
Iteration 20
Iteration 21
Iteration 22
Iteration 23
Iteration 24
Iteration 25
Iteration 26
Iteration 27
Iteration 28
Iteration 29
Iteration 30
Iteration 31
Iteration 32
Iteration 33
Iteration 34
Iteration 35
Iteration 36
Iteration 37
Iteration 38
Iteration 39
Iteration 40
Iteration 41
Iteration 42
Iteration 43
Iteration 44
Iteration 45
Iteration 46
Iteration 47
Iteration 48
Iteration 49
Iteration 50
Iteration 51
Iteration 52
Iteration 53
Iteration 54
Iteration 55
Iteration 56
Iteration 57
Iteration 58
Iteration 59
Iteration 60
Iteration 61
Iteration 62
Iteration 63
Iteration 64
Iteration 65
Iteration 66
Iteration 67
Iteration 68
Iteration 69
Iteration 70
Iteration 71
Iteration 72
Iteration 73
Iteration 74
Iteration 75
Iteration 76
Iteration 77
Iteration 78
Iteration 79
Iteration 80
Iteration 81
Iteration 82
Iteration 83
Iteration 84
Iteration 85
Iteration 86
Iteration 87
Iteration 88
Iteration 89
Iteration 90
Iteration 91
Iteration 92
Iteration 93
Iteration 94
Iteration 95
Iteration 96
Iteration 97
Iteration 98
Iteration 99
Final Pareto front:
   Particle with #features=6 accuracy=0.8569/0.7254 energy=10.9639 features=[tTotalAcc-q25(),tTotalAcc-q75(),tTotalAccJerkL1Norm-max(),tTotalAccJerkMagSq-iqr(),tTotalAccL1Norm-entropy(),tTotalAccMagSq-mean()]
   Particle with #features=5 accuracy=0.8547/0.7095 energy=9.2280 features=[tTotalAcc-q25(),tTotalAcc-q75(),tTotalAccJerkL1Norm-iqr(),tTotalAccJerkL1Norm-max(),tTotalAccMagSq-mean()]
   Particle with #features=4 accuracy=0.8484/0.7143 energy=8.3161 features=[tTotalAcc-q25(),tTotalAcc-q75(),tTotalAccJerkL1Norm-iqr(),tTotalAccJerkL1Norm-max()]
   Particle with #features=3 accuracy=0.8453/0.6937 energy=7.1279 features=[tTotalAcc-q25(),tTotalAcc-q75(),tTotalAccJerkL1Norm-iqr()]
   Particle with #features=3 accuracy=0.8274/0.7063 energy=5.2675 features=[tTotalAcc-q75(),tTotalAccJerkMagSq-iqr(),tTotalAccJerkMagSq-max()]
   Particle with #features=3 accuracy=0.8242/0.6524 energy=4.9899 features=[tTotalAcc-q75(),tTotalAccJerkMagSq-iqr(),tTotalAccMagSq-mean()]
   Particle with #features=2 accuracy=0.8190/0.6429 energy=4.0405 features=[tTotalAcc-median(),tTotalAccJerkMagSq-iqr()]
   Particle with #features=2 accuracy=0.8074/0.6302 energy=4.0393 features=[tTotalAcc-median(),tTotalAccJerkL1Norm-iqr()]
   Particle with #features=2 accuracy=0.7968/0.6143 energy=3.7053 features=[tTotalAcc-mean(),tTotalAccJerkL1Norm-iqr()]
   Particle with #features=2 accuracy=0.7748/0.6476 energy=3.6879 features=[tTotalAcc-mean(),tTotalAccMagSq-iqr()]
   Particle with #features=1 accuracy=0.7558/0.6889 energy=3.1377 features=[tTotalAcc-q25()]
   Particle with #features=1 accuracy=0.7505/0.6270 energy=3.0993 features=[tTotalAcc-median()]
   Particle with #features=1 accuracy=0.7390/0.6175 energy=2.7652 features=[tTotalAcc-mean()]
   Particle with #features=2 accuracy=0.6369/0.5175 energy=2.2913 features=[tTotalAccJerkMagSq-max(),tTotalAccMagSq-min()]
   Particle with #features=2 accuracy=0.6179/0.5079 energy=2.2616 features=[tTotalAccMagSq-max(),tTotalAccMagSq-min()]
   Particle with #features=2 accuracy=0.6105/0.5460 energy=2.0073 features=[tTotalAccJerkMagSq-iqr(),tTotalAccMagSq-median()]
   Particle with #features=2 accuracy=0.6084/0.5571 energy=2.0064 features=[tTotalAccJerkMagSq-iqr(),tTotalAccMagSq-min()]
   Particle with #features=2 accuracy=0.5990/0.5365 energy=1.9887 features=[tTotalAccMagSq-iqr(),tTotalAccMagSq-median()]
   Particle with #features=1 accuracy=0.5947/0.4524 energy=1.2596 features=[tTotalAccJerkMagSq-max()]
   Particle with #features=1 accuracy=0.5400/0.4413 energy=1.2410 features=[tTotalAccMagSq-max()]
   Particle with #features=1 accuracy=0.5326/0.4730 energy=1.1031 features=[tTotalAccJerkMagSq-min()]
   Particle with #features=1 accuracy=0.5305/0.4619 energy=1.0844 features=[tTotalAccMagSq-min()]
   Particle with #features=1 accuracy=0.5127/0.4778 energy=0.9735 features=[tTotalAccJerkL1Norm-iqr()]
   Particle with #features=1 accuracy=0.5074/0.5238 energy=0.9609 features=[tTotalAccL1Norm-iqr()]
   Particle with #features=1 accuracy=0.4379/0.4270 energy=0.9561 features=[tTotalAccMagSq-iqr()]
   Particle with #features=0 accuracy=0.4000/0.4000 energy=0.0334 features=[]
Multi objective
Loading...
loaded file ../datasets/SPHERE/train/features.csv, dimensions: 580 x 98
loaded file ../datasets/SPHERE/train/y_train.txt, dimensions: 580 x 1
loaded file ../datasets/SPHERE/train/subject_train.txt, dimensions: 580 x 1
loaded file ../datasets/SPHERE/validation/features.csv, dimensions: 289 x 98
loaded file ../datasets/SPHERE/validation/y_validation.txt, dimensions: 289 x 1
loaded file ../datasets/SPHERE/validation/subject_validation.txt, dimensions: 289 x 1
loaded file ../datasets/SPHERE/test/features.csv, dimensions: 291 x 98
loaded file ../datasets/SPHERE/test/y_test.txt, dimensions: 291 x 1
loaded file ../datasets/SPHERE/test/subject_test.txt, dimensions: 291 x 1
subject left out: 3.0
Stopping energy value is 31.4710
Initializing starting positions and scores...
Initialization done, initial Pareto front:
   Particle with #features=28 accuracy=0.8411/0.7587 energy=63.5347 features=[tTotalAcc-correlation(),tTotalAcc-max(),tTotalAcc-min(),tTotalAcc-q25(),tTotalAcc-q75(),tTotalAcc-std(),tTotalAccJerk-energy(),tTotalAccJerk-iqr(),tTotalAccJerk-mean(),tTotalAccJerk-median(),tTotalAccJerk-min(),tTotalAccJerk-q75(),tTotalAccJerk-std(),tTotalAccJerkL1Norm-entropy(),tTotalAccJerkL1Norm-iqr(),tTotalAccJerkL1Norm-median(),tTotalAccJerkL1Norm-min(),tTotalAccJerkMagSq-energy(),tTotalAccL1Norm-energy(),tTotalAccL1Norm-entropy(),tTotalAccL1Norm-mean(),tTotalAccL1Norm-median(),tTotalAccL1Norm-min(),tTotalAccMagSq-energy(),tTotalAccMagSq-mean(),tTotalAccMagSq-median(),tTotalAccMagSq-min(),tTotalAccMagSq-std()]
   Particle with #features=20 accuracy=0.8379/0.7444 energy=40.8883 features=[tTotalAcc-energy(),tTotalAcc-entropy(),tTotalAcc-iqr(),tTotalAcc-mean(),tTotalAcc-q25(),tTotalAcc-q75(),tTotalAccJerk-max(),tTotalAccJerk-mean(),tTotalAccJerkL1Norm-energy(),tTotalAccJerkL1Norm-max(),tTotalAccJerkL1Norm-min(),tTotalAccJerkMagSq-iqr(),tTotalAccJerkMagSq-mean(),tTotalAccJerkMagSq-min(),tTotalAccL1Norm-entropy(),tTotalAccL1Norm-max(),tTotalAccL1Norm-mean(),tTotalAccL1Norm-median(),tTotalAccL1Norm-min(),tTotalAccMagSq-median()]
   Particle with #features=20 accuracy=0.8274/0.7476 energy=35.4785 features=[tTotalAcc-iqr(),tTotalAcc-max(),tTotalAcc-q25(),tTotalAcc-q75(),tTotalAccJerk-mean(),tTotalAccJerk-median(),tTotalAccJerk-min(),tTotalAccJerkL1Norm-iqr(),tTotalAccJerkL1Norm-max(),tTotalAccJerkL1Norm-mean(),tTotalAccJerkL1Norm-median(),tTotalAccJerkMagSq-energy(),tTotalAccJerkMagSq-iqr(),tTotalAccJerkMagSq-min(),tTotalAccJerkMagSq-std(),tTotalAccL1Norm-iqr(),tTotalAccL1Norm-min(),tTotalAccMagSq-energy(),tTotalAccMagSq-mean(),tTotalAccMagSq-min()]
   Particle with #features=17 accuracy=0.8242/0.7476 energy=32.7782 features=[tTotalAcc-max(),tTotalAcc-mean(),tTotalAcc-min(),tTotalAccJerk-energy(),tTotalAccJerk-mean(),tTotalAccJerk-q25(),tTotalAccJerkL1Norm-median(),tTotalAccJerkL1Norm-min(),tTotalAccJerkMagSq-energy(),tTotalAccJerkMagSq-iqr(),tTotalAccJerkMagSq-max(),tTotalAccL1Norm-energy(),tTotalAccL1Norm-iqr(),tTotalAccL1Norm-mean(),tTotalAccMagSq-entropy(),tTotalAccMagSq-iqr(),tTotalAccMagSq-std()]
   Particle with #features=18 accuracy=0.8211/0.7302 energy=31.1392 features=[tTotalAcc-max(),tTotalAcc-q25(),tTotalAcc-std(),tTotalAccJerk-iqr(),tTotalAccJerkL1Norm-iqr(),tTotalAccJerkL1Norm-std(),tTotalAccJerkMagSq-energy(),tTotalAccJerkMagSq-entropy(),tTotalAccJerkMagSq-median(),tTotalAccJerkMagSq-std(),tTotalAccL1Norm-iqr(),tTotalAccL1Norm-median(),tTotalAccL1Norm-min(),tTotalAccL1Norm-std(),tTotalAccMagSq-entropy(),tTotalAccMagSq-mean(),tTotalAccMagSq-median(),tTotalAccMagSq-min()]
   Particle with #features=2 accuracy=0.8190/0.6429 energy=4.0405 features=[tTotalAcc-median(),tTotalAccJerkMagSq-iqr()]
   Particle with #features=2 accuracy=0.8074/0.6302 energy=4.0393 features=[tTotalAcc-median(),tTotalAccJerkL1Norm-iqr()]
   Particle with #features=2 accuracy=0.7968/0.6143 energy=3.7053 features=[tTotalAcc-mean(),tTotalAccJerkL1Norm-iqr()]
   Particle with #features=2 accuracy=0.7748/0.6476 energy=3.6879 features=[tTotalAcc-mean(),tTotalAccMagSq-iqr()]
   Particle with #features=2 accuracy=0.6369/0.5175 energy=2.2913 features=[tTotalAccJerkMagSq-max(),tTotalAccMagSq-min()]
   Particle with #features=2 accuracy=0.6179/0.5079 energy=2.2616 features=[tTotalAccMagSq-max(),tTotalAccMagSq-min()]
   Particle with #features=2 accuracy=0.6105/0.5460 energy=2.0073 features=[tTotalAccJerkMagSq-iqr(),tTotalAccMagSq-median()]
   Particle with #features=2 accuracy=0.6084/0.5571 energy=2.0064 features=[tTotalAccJerkMagSq-iqr(),tTotalAccMagSq-min()]
   Particle with #features=2 accuracy=0.5990/0.5365 energy=1.9887 features=[tTotalAccMagSq-iqr(),tTotalAccMagSq-median()]
   Particle with #features=2 accuracy=0.5758/0.5079 energy=1.8853 features=[tTotalAccJerkMagSq-iqr(),tTotalAccMagSq-mean()]
   Particle with #features=2 accuracy=0.5737/0.4984 energy=1.8667 features=[tTotalAccMagSq-iqr(),tTotalAccMagSq-mean()]
   Particle with #features=2 accuracy=0.4653/0.4143 energy=1.8594 features=[tTotalAccL1Norm-iqr(),tTotalAccMagSq-iqr()]
Iteration 0
Iteration 1
Iteration 2
Iteration 3
Iteration 4
Iteration 5
Iteration 6
Iteration 7
Iteration 8
Iteration 9
Iteration 10
Iteration 11
Iteration 12
Iteration 13
Iteration 14
Iteration 15
Iteration 16
Iteration 17
Iteration 18
Iteration 19
Iteration 20
Iteration 21
Iteration 22
Iteration 23
Iteration 24
Iteration 25
Iteration 26
Iteration 27
Iteration 28
Iteration 29
Iteration 30
Iteration 31
Iteration 32
Iteration 33
Iteration 34
Iteration 35
Iteration 36
Iteration 37
Iteration 38
Iteration 39
Iteration 40
Iteration 41
Iteration 42
Iteration 43
Iteration 44
Iteration 45
Iteration 46
Iteration 47
Iteration 48
Iteration 49
Iteration 50
Iteration 51
Iteration 52
Iteration 53
Iteration 54
Iteration 55
Iteration 56
Iteration 57
Iteration 58
Iteration 59
Iteration 60
Iteration 61
Iteration 62
Iteration 63
Iteration 64
Iteration 65
Iteration 66
Iteration 67
Iteration 68
Iteration 69
Iteration 70
Iteration 71
Iteration 72
Iteration 73
Iteration 74
Iteration 75
Iteration 76
Iteration 77
Iteration 78
Iteration 79
Iteration 80
Iteration 81
Iteration 82
Iteration 83
Iteration 84
Iteration 85
Iteration 86
Iteration 87
Iteration 88
Iteration 89
Iteration 90
Iteration 91
Iteration 92
Iteration 93
Iteration 94
Iteration 95
Iteration 96
Iteration 97
Iteration 98
Iteration 99
Final Pareto front:
   Particle with #features=5 accuracy=0.8547/0.7095 energy=9.2280 features=[tTotalAcc-q25(),tTotalAcc-q75(),tTotalAccJerkL1Norm-iqr(),tTotalAccJerkL1Norm-max(),tTotalAccMagSq-mean()]
   Particle with #features=5 accuracy=0.8495/0.6984 energy=9.1943 features=[tTotalAcc-q25(),tTotalAcc-q75(),tTotalAccJerkL1Norm-iqr(),tTotalAccJerkL1Norm-median(),tTotalAccMagSq-median()]
   Particle with #features=4 accuracy=0.8484/0.7143 energy=8.3161 features=[tTotalAcc-q25(),tTotalAcc-q75(),tTotalAccJerkL1Norm-iqr(),tTotalAccJerkL1Norm-max()]
   Particle with #features=3 accuracy=0.8453/0.6937 energy=7.1279 features=[tTotalAcc-q25(),tTotalAcc-q75(),tTotalAccJerkL1Norm-iqr()]
   Particle with #features=3 accuracy=0.8274/0.7063 energy=5.2675 features=[tTotalAcc-q75(),tTotalAccJerkMagSq-iqr(),tTotalAccJerkMagSq-max()]
   Particle with #features=3 accuracy=0.8242/0.6524 energy=4.9899 features=[tTotalAcc-q75(),tTotalAccJerkMagSq-iqr(),tTotalAccMagSq-mean()]
   Particle with #features=2 accuracy=0.8190/0.6429 energy=4.0405 features=[tTotalAcc-median(),tTotalAccJerkMagSq-iqr()]
   Particle with #features=2 accuracy=0.8074/0.6302 energy=4.0393 features=[tTotalAcc-median(),tTotalAccJerkL1Norm-iqr()]
   Particle with #features=2 accuracy=0.7968/0.6143 energy=3.7053 features=[tTotalAcc-mean(),tTotalAccJerkL1Norm-iqr()]
   Particle with #features=2 accuracy=0.7748/0.6476 energy=3.6879 features=[tTotalAcc-mean(),tTotalAccMagSq-iqr()]
   Particle with #features=1 accuracy=0.7558/0.6889 energy=3.1377 features=[tTotalAcc-q25()]
   Particle with #features=1 accuracy=0.7505/0.6270 energy=3.0993 features=[tTotalAcc-median()]
   Particle with #features=1 accuracy=0.7390/0.6175 energy=2.7652 features=[tTotalAcc-mean()]
   Particle with #features=2 accuracy=0.6369/0.5175 energy=2.2913 features=[tTotalAccJerkMagSq-max(),tTotalAccMagSq-min()]
   Particle with #features=2 accuracy=0.6179/0.5079 energy=2.2616 features=[tTotalAccMagSq-max(),tTotalAccMagSq-min()]
   Particle with #features=2 accuracy=0.6105/0.5460 energy=2.0073 features=[tTotalAccJerkMagSq-iqr(),tTotalAccMagSq-median()]
   Particle with #features=2 accuracy=0.6084/0.5571 energy=2.0064 features=[tTotalAccJerkMagSq-iqr(),tTotalAccMagSq-min()]
   Particle with #features=2 accuracy=0.5990/0.5365 energy=1.9887 features=[tTotalAccMagSq-iqr(),tTotalAccMagSq-median()]
   Particle with #features=1 accuracy=0.5947/0.4524 energy=1.2596 features=[tTotalAccJerkMagSq-max()]
   Particle with #features=1 accuracy=0.5400/0.4413 energy=1.2410 features=[tTotalAccMagSq-max()]
   Particle with #features=1 accuracy=0.5326/0.4730 energy=1.1031 features=[tTotalAccJerkMagSq-min()]
   Particle with #features=1 accuracy=0.5305/0.4619 energy=1.0844 features=[tTotalAccMagSq-min()]
   Particle with #features=1 accuracy=0.5127/0.4778 energy=0.9735 features=[tTotalAccJerkL1Norm-iqr()]
   Particle with #features=1 accuracy=0.5074/0.5238 energy=0.9609 features=[tTotalAccL1Norm-iqr()]
   Particle with #features=1 accuracy=0.4379/0.4270 energy=0.9561 features=[tTotalAccMagSq-iqr()]
   Particle with #features=0 accuracy=0.4000/0.4000 energy=0.0334 features=[]
Multi objective
Loading...
loaded file ../datasets/SPHERE/train/features.csv, dimensions: 580 x 98
loaded file ../datasets/SPHERE/train/y_train.txt, dimensions: 580 x 1
loaded file ../datasets/SPHERE/train/subject_train.txt, dimensions: 580 x 1
loaded file ../datasets/SPHERE/validation/features.csv, dimensions: 289 x 98
loaded file ../datasets/SPHERE/validation/y_validation.txt, dimensions: 289 x 1
loaded file ../datasets/SPHERE/validation/subject_validation.txt, dimensions: 289 x 1
loaded file ../datasets/SPHERE/test/features.csv, dimensions: 291 x 98
loaded file ../datasets/SPHERE/test/y_test.txt, dimensions: 291 x 1
loaded file ../datasets/SPHERE/test/subject_test.txt, dimensions: 291 x 1
subject left out: 3.0
Stopping energy value is 31.4710
Initializing starting positions and scores...
Initialization done, initial Pareto front:
   Particle with #features=23 accuracy=0.8422/0.7317 energy=52.9151 features=[tTotalAcc-correlation(),tTotalAcc-energy(),tTotalAcc-max(),tTotalAcc-median(),tTotalAcc-min(),tTotalAcc-q25(),tTotalAcc-std(),tTotalAccJerk-mean(),tTotalAccJerk-median(),tTotalAccJerk-q25(),tTotalAccJerk-q75(),tTotalAccJerkL1Norm-energy(),tTotalAccJerkL1Norm-mean(),tTotalAccJerkL1Norm-median(),tTotalAccJerkMagSq-median(),tTotalAccJerkMagSq-min(),tTotalAccJerkMagSq-std(),tTotalAccL1Norm-entropy(),tTotalAccL1Norm-min(),tTotalAccMagSq-energy(),tTotalAccMagSq-mean(),tTotalAccMagSq-min(),tTotalAccMagSq-std()]
   Particle with #features=22 accuracy=0.8390/0.7444 energy=45.5681 features=[tTotalAcc-energy(),tTotalAcc-iqr(),tTotalAcc-mean(),tTotalAcc-median(),tTotalAcc-min(),tTotalAcc-q25(),tTotalAcc-q75(),tTotalAccJerk-q25(),tTotalAccJerk-std(),tTotalAccJerkL1Norm-energy(),tTotalAccJerkL1Norm-entropy(),tTotalAccJerkL1Norm-iqr(),tTotalAccJerkL1Norm-max(),tTotalAccJerkMagSq-mean(),tTotalAccJerkMagSq-median(),tTotalAccJerkMagSq-std(),tTotalAccL1Norm-max(),tTotalAccL1Norm-median(),tTotalAccMagSq-energy(),tTotalAccMagSq-mean(),tTotalAccMagSq-median(),tTotalAccMagSq-std()]
   Particle with #features=21 accuracy=0.8369/0.7556 energy=41.6835 features=[tTotalAcc-correlation(),tTotalAcc-max(),tTotalAcc-mean(),tTotalAcc-min(),tTotalAcc-q25(),tTotalAcc-q75(),tTotalAcc-std(),tTotalAccJerk-q25(),tTotalAccJerkL1Norm-entropy(),tTotalAccJerkL1Norm-mean(),tTotalAccJerkL1Norm-median(),tTotalAccJerkL1Norm-min(),tTotalAccJerkMagSq-iqr(),tTotalAccJerkMagSq-mean(),tTotalAccJerkMagSq-median(),tTotalAccL1Norm-iqr(),tTotalAccL1Norm-max(),tTotalAccMagSq-energy(),tTotalAccMagSq-iqr(),tTotalAccMagSq-median(),tTotalAccMagSq-min()]
   Particle with #features=16 accuracy=0.8348/0.7365 energy=35.6228 features=[tTotalAcc-entropy(),tTotalAcc-mean(),tTotalAcc-q25(),tTotalAcc-q75(),tTotalAcc-std(),tTotalAccJerk-std(),tTotalAccJerkL1Norm-mean(),tTotalAccL1Norm-energy(),tTotalAccL1Norm-entropy(),tTotalAccL1Norm-iqr(),tTotalAccL1Norm-min(),tTotalAccL1Norm-std(),tTotalAccMagSq-energy(),tTotalAccMagSq-iqr(),tTotalAccMagSq-min(),tTotalAccMagSq-std()]
   Particle with #features=15 accuracy=0.8274/0.7444 energy=27.8987 features=[tTotalAcc-max(),tTotalAcc-median(),tTotalAcc-min(),tTotalAccJerk-energy(),tTotalAccJerkL1Norm-iqr(),tTotalAccJerkL1Norm-max(),tTotalAccJerkL1Norm-std(),tTotalAccJerkMagSq-energy(),tTotalAccJerkMagSq-entropy(),tTotalAccJerkMagSq-median(),tTotalAccL1Norm-max(),tTotalAccL1Norm-mean(),tTotalAccL1Norm-min(),tTotalAccMagSq-energy(),tTotalAccMagSq-max()]
   Particle with #features=2 accuracy=0.8190/0.6429 energy=4.0405 features=[tTotalAcc-median(),tTotalAccJerkMagSq-iqr()]
   Particle with #features=2 accuracy=0.8074/0.6302 energy=4.0393 features=[tTotalAcc-median(),tTotalAccJerkL1Norm-iqr()]
   Particle with #features=2 accuracy=0.7968/0.6143 energy=3.7053 features=[tTotalAcc-mean(),tTotalAccJerkL1Norm-iqr()]
   Particle with #features=2 accuracy=0.7748/0.6476 energy=3.6879 features=[tTotalAcc-mean(),tTotalAccMagSq-iqr()]
   Particle with #features=2 accuracy=0.6369/0.5175 energy=2.2913 features=[tTotalAccJerkMagSq-max(),tTotalAccMagSq-min()]
   Particle with #features=2 accuracy=0.6179/0.5079 energy=2.2616 features=[tTotalAccMagSq-max(),tTotalAccMagSq-min()]
   Particle with #features=2 accuracy=0.6105/0.5460 energy=2.0073 features=[tTotalAccJerkMagSq-iqr(),tTotalAccMagSq-median()]
   Particle with #features=2 accuracy=0.6084/0.5571 energy=2.0064 features=[tTotalAccJerkMagSq-iqr(),tTotalAccMagSq-min()]
   Particle with #features=2 accuracy=0.5990/0.5365 energy=1.9887 features=[tTotalAccMagSq-iqr(),tTotalAccMagSq-median()]
   Particle with #features=2 accuracy=0.5758/0.5079 energy=1.8853 features=[tTotalAccJerkMagSq-iqr(),tTotalAccMagSq-mean()]
   Particle with #features=2 accuracy=0.5737/0.4984 energy=1.8667 features=[tTotalAccMagSq-iqr(),tTotalAccMagSq-mean()]
   Particle with #features=2 accuracy=0.4653/0.4143 energy=1.8594 features=[tTotalAccL1Norm-iqr(),tTotalAccMagSq-iqr()]
Iteration 0
Iteration 1
Iteration 2
Iteration 3
Iteration 4
Iteration 5
Iteration 6
Iteration 7
Iteration 8
Iteration 9
Iteration 10
Iteration 11
Iteration 12
Iteration 13
Iteration 14
Iteration 15
Iteration 16
Iteration 17
Iteration 18
Iteration 19
Iteration 20
Iteration 21
Iteration 22
Iteration 23
Iteration 24
Iteration 25
Iteration 26
Iteration 27
Iteration 28
Iteration 29
Iteration 30
Iteration 31
Iteration 32
Iteration 33
Iteration 34
Iteration 35
Iteration 36
Iteration 37
Iteration 38
Iteration 39
Iteration 40
Iteration 41
Iteration 42
Iteration 43
Iteration 44
Iteration 45
Iteration 46
Iteration 47
Iteration 48
Iteration 49
Iteration 50
Iteration 51
Iteration 52
Iteration 53
Iteration 54
Iteration 55
Iteration 56
Iteration 57
Iteration 58
Iteration 59
Iteration 60
Iteration 61
Iteration 62
Iteration 63
Iteration 64
Iteration 65
Iteration 66
Iteration 67
Iteration 68
Iteration 69
Iteration 70
Iteration 71
Iteration 72
Iteration 73
Iteration 74
Iteration 75
Iteration 76
Iteration 77
Iteration 78
Iteration 79
Iteration 80
Iteration 81
Iteration 82
Iteration 83
Iteration 84
Iteration 85
Iteration 86
Iteration 87
Iteration 88
Iteration 89
Iteration 90
Iteration 91
Iteration 92
Iteration 93
Iteration 94
Iteration 95
Iteration 96
Iteration 97
Iteration 98
Iteration 99
Final Pareto front:
   Particle with #features=11 accuracy=0.8663/0.7349 energy=25.3471 features=[tTotalAcc-energy(),tTotalAcc-max(),tTotalAcc-min(),tTotalAcc-q25(),tTotalAcc-q75(),tTotalAccJerkL1Norm-energy(),tTotalAccJerkMagSq-iqr(),tTotalAccL1Norm-entropy(),tTotalAccMagSq-energy(),tTotalAccMagSq-mean(),tTotalAccMagSq-std()]
   Particle with #features=10 accuracy=0.8611/0.7286 energy=19.6928 features=[tTotalAcc-max(),tTotalAcc-min(),tTotalAcc-q25(),tTotalAcc-q75(),tTotalAccJerkL1Norm-energy(),tTotalAccJerkMagSq-iqr(),tTotalAccJerkMagSq-mean(),tTotalAccL1Norm-entropy(),tTotalAccL1Norm-mean(),tTotalAccMagSq-mean()]
   Particle with #features=5 accuracy=0.8547/0.7095 energy=9.2280 features=[tTotalAcc-q25(),tTotalAcc-q75(),tTotalAccJerkL1Norm-iqr(),tTotalAccJerkL1Norm-max(),tTotalAccMagSq-mean()]
   Particle with #features=4 accuracy=0.8484/0.7143 energy=8.3161 features=[tTotalAcc-q25(),tTotalAcc-q75(),tTotalAccJerkL1Norm-iqr(),tTotalAccJerkL1Norm-max()]
   Particle with #features=3 accuracy=0.8453/0.6937 energy=7.1279 features=[tTotalAcc-q25(),tTotalAcc-q75(),tTotalAccJerkL1Norm-iqr()]
   Particle with #features=3 accuracy=0.8263/0.7095 energy=7.1105 features=[tTotalAcc-q25(),tTotalAcc-q75(),tTotalAccMagSq-iqr()]
   Particle with #features=3 accuracy=0.8232/0.6603 energy=6.8096 features=[tTotalAcc-mean(),tTotalAcc-q25(),tTotalAccJerkL1Norm-iqr()]
   Particle with #features=3 accuracy=0.8211/0.7111 energy=5.2672 features=[tTotalAcc-q25(),tTotalAccJerkMagSq-iqr(),tTotalAccL1Norm-max()]
   Particle with #features=3 accuracy=0.8200/0.6444 energy=5.0731 features=[tTotalAcc-median(),tTotalAccJerkL1Norm-median(),tTotalAccJerkMagSq-iqr()]
   Particle with #features=2 accuracy=0.8190/0.6429 energy=4.0405 features=[tTotalAcc-median(),tTotalAccJerkMagSq-iqr()]
   Particle with #features=2 accuracy=0.8074/0.6302 energy=4.0393 features=[tTotalAcc-median(),tTotalAccJerkL1Norm-iqr()]
   Particle with #features=2 accuracy=0.7968/0.6143 energy=3.7053 features=[tTotalAcc-mean(),tTotalAccJerkL1Norm-iqr()]
   Particle with #features=2 accuracy=0.7748/0.6476 energy=3.6879 features=[tTotalAcc-mean(),tTotalAccMagSq-iqr()]
   Particle with #features=1 accuracy=0.7558/0.6889 energy=3.1377 features=[tTotalAcc-q25()]
   Particle with #features=1 accuracy=0.7505/0.6270 energy=3.0993 features=[tTotalAcc-median()]
   Particle with #features=1 accuracy=0.7390/0.6175 energy=2.7652 features=[tTotalAcc-mean()]
   Particle with #features=2 accuracy=0.6369/0.5175 energy=2.2913 features=[tTotalAccJerkMagSq-max(),tTotalAccMagSq-min()]
   Particle with #features=2 accuracy=0.6179/0.5079 energy=2.2616 features=[tTotalAccMagSq-max(),tTotalAccMagSq-min()]
   Particle with #features=2 accuracy=0.6105/0.5460 energy=2.0073 features=[tTotalAccJerkMagSq-iqr(),tTotalAccMagSq-median()]
   Particle with #features=2 accuracy=0.6084/0.5571 energy=2.0064 features=[tTotalAccJerkMagSq-iqr(),tTotalAccMagSq-min()]
   Particle with #features=2 accuracy=0.5990/0.5365 energy=1.9887 features=[tTotalAccMagSq-iqr(),tTotalAccMagSq-median()]
   Particle with #features=1 accuracy=0.5947/0.4524 energy=1.2596 features=[tTotalAccJerkMagSq-max()]
   Particle with #features=1 accuracy=0.5400/0.4413 energy=1.2410 features=[tTotalAccMagSq-max()]
   Particle with #features=1 accuracy=0.5326/0.4730 energy=1.1031 features=[tTotalAccJerkMagSq-min()]
   Particle with #features=1 accuracy=0.5305/0.4619 energy=1.0844 features=[tTotalAccMagSq-min()]
   Particle with #features=1 accuracy=0.5127/0.4778 energy=0.9735 features=[tTotalAccJerkL1Norm-iqr()]
   Particle with #features=1 accuracy=0.5074/0.5238 energy=0.9609 features=[tTotalAccL1Norm-iqr()]
   Particle with #features=1 accuracy=0.4379/0.4270 energy=0.9561 features=[tTotalAccMagSq-iqr()]
   Particle with #features=0 accuracy=0.4000/0.4000 energy=0.0334 features=[]
Multi objective
Loading...
loaded file ../datasets/SPHERE/train/features.csv, dimensions: 580 x 98
loaded file ../datasets/SPHERE/train/y_train.txt, dimensions: 580 x 1
loaded file ../datasets/SPHERE/train/subject_train.txt, dimensions: 580 x 1
loaded file ../datasets/SPHERE/validation/features.csv, dimensions: 289 x 98
loaded file ../datasets/SPHERE/validation/y_validation.txt, dimensions: 289 x 1
loaded file ../datasets/SPHERE/validation/subject_validation.txt, dimensions: 289 x 1
loaded file ../datasets/SPHERE/test/features.csv, dimensions: 291 x 98
loaded file ../datasets/SPHERE/test/y_test.txt, dimensions: 291 x 1
loaded file ../datasets/SPHERE/test/subject_test.txt, dimensions: 291 x 1
subject left out: 3.0
Stopping energy value is 31.4710
Initializing starting positions and scores...
Initialization done, initial Pareto front:
   Particle with #features=19 accuracy=0.8422/0.7397 energy=46.0438 features=[tTotalAcc-energy(),tTotalAcc-mean(),tTotalAcc-median(),tTotalAcc-min(),tTotalAcc-q25(),tTotalAcc-q75(),tTotalAccJerk-correlation(),tTotalAccJerk-entropy(),tTotalAccJerk-std(),tTotalAccJerkL1Norm-energy(),tTotalAccJerkMagSq-std(),tTotalAccL1Norm-energy(),tTotalAccL1Norm-entropy(),tTotalAccL1Norm-max(),tTotalAccL1Norm-mean(),tTotalAccL1Norm-median(),tTotalAccL1Norm-min(),tTotalAccMagSq-mean(),tTotalAccMagSq-median()]
   Particle with #features=22 accuracy=0.8379/0.7397 energy=45.7709 features=[tTotalAcc-iqr(),tTotalAcc-max(),tTotalAcc-mean(),tTotalAcc-min(),tTotalAcc-q25(),tTotalAcc-q75(),tTotalAcc-std(),tTotalAccJerk-energy(),tTotalAccJerk-mean(),tTotalAccJerkL1Norm-mean(),tTotalAccJerkL1Norm-min(),tTotalAccJerkL1Norm-std(),tTotalAccJerkMagSq-energy(),tTotalAccJerkMagSq-entropy(),tTotalAccJerkMagSq-min(),tTotalAccJerkMagSq-std(),tTotalAccL1Norm-iqr(),tTotalAccL1Norm-median(),tTotalAccMagSq-energy(),tTotalAccMagSq-mean(),tTotalAccMagSq-min(),tTotalAccMagSq-std()]
   Particle with #features=18 accuracy=0.8369/0.7190 energy=42.2708 features=[tTotalAcc-correlation(),tTotalAcc-energy(),tTotalAcc-max(),tTotalAcc-median(),tTotalAcc-q25(),tTotalAcc-q75(),tTotalAccJerk-entropy(),tTotalAccJerk-q75(),tTotalAccJerkL1Norm-energy(),tTotalAccJerkMagSq-energy(),tTotalAccJerkMagSq-iqr(),tTotalAccJerkMagSq-mean(),tTotalAccL1Norm-energy(),tTotalAccL1Norm-mean(),tTotalAccL1Norm-std(),tTotalAccMagSq-energy(),tTotalAccMagSq-mean(),tTotalAccMagSq-median()]
   Particle with #features=22 accuracy=0.8316/0.7238 energy=40.9796 features=[tTotalAcc-iqr(),tTotalAcc-max(),tTotalAcc-mean(),tTotalAcc-q25(),tTotalAcc-q75(),tTotalAccJerk-iqr(),tTotalAccJerk-max(),tTotalAccJerk-median(),tTotalAccJerkL1Norm-entropy(),tTotalAccJerkL1Norm-iqr(),tTotalAccJerkL1Norm-mean(),tTotalAccJerkL1Norm-median(),tTotalAccJerkMagSq-mean(),tTotalAccJerkMagSq-std(),tTotalAccL1Norm-energy(),tTotalAccL1Norm-entropy(),tTotalAccL1Norm-iqr(),tTotalAccL1Norm-mean(),tTotalAccL1Norm-median(),tTotalAccL1Norm-std(),tTotalAccMagSq-max(),tTotalAccMagSq-median()]
   Particle with #features=21 accuracy=0.8306/0.7444 energy=39.8041 features=[tTotalAcc-energy(),tTotalAcc-mean(),tTotalAcc-min(),tTotalAcc-q25(),tTotalAcc-q75(),tTotalAccJerk-max(),tTotalAccJerk-q25(),tTotalAccJerkL1Norm-energy(),tTotalAccJerkL1Norm-max(),tTotalAccJerkL1Norm-min(),tTotalAccJerkMagSq-entropy(),tTotalAccJerkMagSq-iqr(),tTotalAccJerkMagSq-max(),tTotalAccJerkMagSq-mean(),tTotalAccJerkMagSq-std(),tTotalAccL1Norm-energy(),tTotalAccL1Norm-iqr(),tTotalAccL1Norm-mean(),tTotalAccL1Norm-min(),tTotalAccMagSq-mean(),tTotalAccMagSq-std()]
   Particle with #features=17 accuracy=0.8285/0.7397 energy=38.7097 features=[tTotalAcc-correlation(),tTotalAcc-max(),tTotalAcc-median(),tTotalAcc-q25(),tTotalAcc-std(),tTotalAccJerk-energy(),tTotalAccJerk-mean(),tTotalAccJerk-q25(),tTotalAccJerkL1Norm-min(),tTotalAccJerkL1Norm-std(),tTotalAccJerkMagSq-iqr(),tTotalAccL1Norm-max(),tTotalAccL1Norm-min(),tTotalAccMagSq-iqr(),tTotalAccMagSq-max(),tTotalAccMagSq-mean(),tTotalAccMagSq-min()]
   Particle with #features=16 accuracy=0.8253/0.7286 energy=35.2231 features=[tTotalAcc-energy(),tTotalAcc-max(),tTotalAcc-min(),tTotalAcc-std(),tTotalAccJerk-median(),tTotalAccJerk-std(),tTotalAccJerkL1Norm-energy(),tTotalAccJerkL1Norm-iqr(),tTotalAccJerkL1Norm-median(),tTotalAccJerkL1Norm-std(),tTotalAccJerkMagSq-iqr(),tTotalAccJerkMagSq-median(),tTotalAccL1Norm-entropy(),tTotalAccL1Norm-median(),tTotalAccMagSq-mean(),tTotalAccMagSq-std()]
   Particle with #features=16 accuracy=0.8211/0.7397 energy=32.2630 features=[tTotalAcc-mean(),tTotalAcc-min(),tTotalAcc-q75(),tTotalAccJerk-entropy(),tTotalAccJerk-mean(),tTotalAccJerk-min(),tTotalAccJerkL1Norm-max(),tTotalAccJerkL1Norm-std(),tTotalAccJerkMagSq-iqr(),tTotalAccJerkMagSq-max(),tTotalAccJerkMagSq-min(),tTotalAccJerkMagSq-std(),tTotalAccL1Norm-iqr(),tTotalAccL1Norm-median(),tTotalAccL1Norm-std(),tTotalAccMagSq-energy()]
   Particle with #features=2 accuracy=0.8190/0.6429 energy=4.0405 features=[tTotalAcc-median(),tTotalAccJerkMagSq-iqr()]
   Particle with #features=2 accuracy=0.8074/0.6302 energy=4.0393 features=[tTotalAcc-median(),tTotalAccJerkL1Norm-iqr()]
   Particle with #features=2 accuracy=0.7968/0.6143 energy=3.7053 features=[tTotalAcc-mean(),tTotalAccJerkL1Norm-iqr()]
   Particle with #features=2 accuracy=0.7748/0.6476 energy=3.6879 features=[tTotalAcc-mean(),tTotalAccMagSq-iqr()]
   Particle with #features=2 accuracy=0.6369/0.5175 energy=2.2913 features=[tTotalAccJerkMagSq-max(),tTotalAccMagSq-min()]
   Particle with #features=2 accuracy=0.6179/0.5079 energy=2.2616 features=[tTotalAccMagSq-max(),tTotalAccMagSq-min()]
   Particle with #features=2 accuracy=0.6105/0.5460 energy=2.0073 features=[tTotalAccJerkMagSq-iqr(),tTotalAccMagSq-median()]
   Particle with #features=2 accuracy=0.6084/0.5571 energy=2.0064 features=[tTotalAccJerkMagSq-iqr(),tTotalAccMagSq-min()]
   Particle with #features=2 accuracy=0.5990/0.5365 energy=1.9887 features=[tTotalAccMagSq-iqr(),tTotalAccMagSq-median()]
   Particle with #features=2 accuracy=0.5758/0.5079 energy=1.8853 features=[tTotalAccJerkMagSq-iqr(),tTotalAccMagSq-mean()]
   Particle with #features=2 accuracy=0.5737/0.4984 energy=1.8667 features=[tTotalAccMagSq-iqr(),tTotalAccMagSq-mean()]
   Particle with #features=2 accuracy=0.4653/0.4143 energy=1.8594 features=[tTotalAccL1Norm-iqr(),tTotalAccMagSq-iqr()]
Iteration 0
Iteration 1
Iteration 2
Iteration 3
Iteration 4
Iteration 5
Iteration 6
Iteration 7
Iteration 8
Iteration 9
Iteration 10
Iteration 11
Iteration 12
Iteration 13
Iteration 14
Iteration 15
Iteration 16
Iteration 17
Iteration 18
Iteration 19
Iteration 20
Iteration 21
Iteration 22
Iteration 23
Iteration 24
Iteration 25
Iteration 26
Iteration 27
Iteration 28
Iteration 29
Iteration 30
Iteration 31
Iteration 32
Iteration 33
Iteration 34
Iteration 35
Iteration 36
Iteration 37
Iteration 38
Iteration 39
Iteration 40
Iteration 41
Iteration 42
Iteration 43
Iteration 44
Iteration 45
Iteration 46
Iteration 47
Iteration 48
Iteration 49
Iteration 50
Iteration 51
Iteration 52
Iteration 53
Iteration 54
Iteration 55
Iteration 56
Iteration 57
Iteration 58
Iteration 59
Iteration 60
Iteration 61
Iteration 62
Iteration 63
Iteration 64
Iteration 65
Iteration 66
Iteration 67
Iteration 68
Iteration 69
Iteration 70
Iteration 71
Iteration 72
Iteration 73
Iteration 74
Iteration 75
Iteration 76
Iteration 77
Iteration 78
Iteration 79
Iteration 80
Iteration 81
Iteration 82
Iteration 83
Iteration 84
Iteration 85
Iteration 86
Iteration 87
Iteration 88
Iteration 89
Iteration 90
Iteration 91
Iteration 92
Iteration 93
Iteration 94
Iteration 95
Iteration 96
Iteration 97
Iteration 98
Iteration 99
Final Pareto front:
   Particle with #features=10 accuracy=0.8611/0.7413 energy=19.6139 features=[tTotalAcc-max(),tTotalAcc-min(),tTotalAcc-q25(),tTotalAcc-q75(),tTotalAccJerkL1Norm-max(),tTotalAccJerkMagSq-iqr(),tTotalAccL1Norm-entropy(),tTotalAccL1Norm-median(),tTotalAccMagSq-mean(),tTotalAccMagSq-median()]
   Particle with #features=7 accuracy=0.8600/0.7016 energy=15.0444 features=[tTotalAcc-max(),tTotalAcc-q25(),tTotalAcc-q75(),tTotalAccJerkL1Norm-entropy(),tTotalAccJerkMagSq-iqr(),tTotalAccL1Norm-entropy(),tTotalAccMagSq-mean()]
   Particle with #features=7 accuracy=0.8558/0.6968 energy=14.3410 features=[tTotalAcc-max(),tTotalAcc-q25(),tTotalAcc-q75(),tTotalAccJerkL1Norm-median(),tTotalAccJerkMagSq-iqr(),tTotalAccL1Norm-entropy(),tTotalAccMagSq-mean()]
   Particle with #features=5 accuracy=0.8547/0.7095 energy=9.2280 features=[tTotalAcc-q25(),tTotalAcc-q75(),tTotalAccJerkL1Norm-iqr(),tTotalAccJerkL1Norm-max(),tTotalAccMagSq-mean()]
   Particle with #features=5 accuracy=0.8526/0.6778 energy=9.0723 features=[tTotalAcc-q25(),tTotalAcc-q75(),tTotalAccJerkL1Norm-iqr(),tTotalAccJerkL1Norm-median(),tTotalAccMagSq-mean()]
   Particle with #features=4 accuracy=0.8484/0.7143 energy=8.3161 features=[tTotalAcc-q25(),tTotalAcc-q75(),tTotalAccJerkL1Norm-iqr(),tTotalAccJerkL1Norm-max()]
   Particle with #features=3 accuracy=0.8453/0.6937 energy=7.1279 features=[tTotalAcc-q25(),tTotalAcc-q75(),tTotalAccJerkL1Norm-iqr()]
   Particle with #features=3 accuracy=0.8274/0.7063 energy=5.2675 features=[tTotalAcc-q75(),tTotalAccJerkMagSq-iqr(),tTotalAccJerkMagSq-max()]
   Particle with #features=3 accuracy=0.8211/0.7111 energy=5.2672 features=[tTotalAcc-q25(),tTotalAccJerkMagSq-iqr(),tTotalAccL1Norm-max()]
   Particle with #features=3 accuracy=0.8200/0.6444 energy=5.0731 features=[tTotalAcc-median(),tTotalAccJerkL1Norm-median(),tTotalAccJerkMagSq-iqr()]
   Particle with #features=2 accuracy=0.8190/0.6429 energy=4.0405 features=[tTotalAcc-median(),tTotalAccJerkMagSq-iqr()]
   Particle with #features=2 accuracy=0.8074/0.6302 energy=4.0393 features=[tTotalAcc-median(),tTotalAccJerkL1Norm-iqr()]
   Particle with #features=2 accuracy=0.7968/0.6143 energy=3.7053 features=[tTotalAcc-mean(),tTotalAccJerkL1Norm-iqr()]
   Particle with #features=2 accuracy=0.7748/0.6476 energy=3.6879 features=[tTotalAcc-mean(),tTotalAccMagSq-iqr()]
   Particle with #features=1 accuracy=0.7558/0.6889 energy=3.1377 features=[tTotalAcc-q25()]
   Particle with #features=1 accuracy=0.7505/0.6270 energy=3.0993 features=[tTotalAcc-median()]
   Particle with #features=1 accuracy=0.7390/0.6175 energy=2.7652 features=[tTotalAcc-mean()]
   Particle with #features=2 accuracy=0.6369/0.5175 energy=2.2913 features=[tTotalAccJerkMagSq-max(),tTotalAccMagSq-min()]
   Particle with #features=2 accuracy=0.6179/0.5079 energy=2.2616 features=[tTotalAccMagSq-max(),tTotalAccMagSq-min()]
   Particle with #features=2 accuracy=0.6105/0.5460 energy=2.0073 features=[tTotalAccJerkMagSq-iqr(),tTotalAccMagSq-median()]
   Particle with #features=2 accuracy=0.6084/0.5571 energy=2.0064 features=[tTotalAccJerkMagSq-iqr(),tTotalAccMagSq-min()]
   Particle with #features=2 accuracy=0.5990/0.5365 energy=1.9887 features=[tTotalAccMagSq-iqr(),tTotalAccMagSq-median()]
   Particle with #features=1 accuracy=0.5947/0.4524 energy=1.2596 features=[tTotalAccJerkMagSq-max()]
   Particle with #features=1 accuracy=0.5400/0.4413 energy=1.2410 features=[tTotalAccMagSq-max()]
   Particle with #features=1 accuracy=0.5326/0.4730 energy=1.1031 features=[tTotalAccJerkMagSq-min()]
   Particle with #features=1 accuracy=0.5305/0.4619 energy=1.0844 features=[tTotalAccMagSq-min()]
   Particle with #features=1 accuracy=0.5127/0.4778 energy=0.9735 features=[tTotalAccJerkL1Norm-iqr()]
   Particle with #features=1 accuracy=0.5074/0.5238 energy=0.9609 features=[tTotalAccL1Norm-iqr()]
   Particle with #features=1 accuracy=0.4379/0.4270 energy=0.9561 features=[tTotalAccMagSq-iqr()]
   Particle with #features=0 accuracy=0.4000/0.4000 energy=0.0334 features=[]
Multi objective
Loading...
loaded file ../datasets/SPHERE/train/features.csv, dimensions: 580 x 98
loaded file ../datasets/SPHERE/train/y_train.txt, dimensions: 580 x 1
loaded file ../datasets/SPHERE/train/subject_train.txt, dimensions: 580 x 1
loaded file ../datasets/SPHERE/validation/features.csv, dimensions: 289 x 98
loaded file ../datasets/SPHERE/validation/y_validation.txt, dimensions: 289 x 1
loaded file ../datasets/SPHERE/validation/subject_validation.txt, dimensions: 289 x 1
loaded file ../datasets/SPHERE/test/features.csv, dimensions: 291 x 98
loaded file ../datasets/SPHERE/test/y_test.txt, dimensions: 291 x 1
loaded file ../datasets/SPHERE/test/subject_test.txt, dimensions: 291 x 1
subject left out: 3.0
Stopping energy value is 31.4710
Initializing starting positions and scores...
Initialization done, initial Pareto front:
   Particle with #features=23 accuracy=0.8464/0.7270 energy=52.1245 features=[tTotalAcc-correlation(),tTotalAcc-energy(),tTotalAcc-iqr(),tTotalAcc-max(),tTotalAcc-median(),tTotalAcc-q25(),tTotalAcc-q75(),tTotalAcc-std(),tTotalAccJerk-energy(),tTotalAccJerk-q25(),tTotalAccJerkL1Norm-iqr(),tTotalAccJerkL1Norm-mean(),tTotalAccL1Norm-energy(),tTotalAccL1Norm-entropy(),tTotalAccL1Norm-iqr(),tTotalAccL1Norm-mean(),tTotalAccMagSq-energy(),tTotalAccMagSq-entropy(),tTotalAccMagSq-iqr(),tTotalAccMagSq-max(),tTotalAccMagSq-median(),tTotalAccMagSq-min(),tTotalAccMagSq-std()]
   Particle with #features=23 accuracy=0.8432/0.7349 energy=49.8115 features=[tTotalAcc-correlation(),tTotalAcc-entropy(),tTotalAcc-max(),tTotalAcc-median(),tTotalAcc-q25(),tTotalAcc-q75(),tTotalAcc-std(),tTotalAccJerk-min(),tTotalAccJerkL1Norm-iqr(),tTotalAccJerkL1Norm-max(),tTotalAccJerkMagSq-energy(),tTotalAccJerkMagSq-entropy(),tTotalAccJerkMagSq-iqr(),tTotalAccL1Norm-energy(),tTotalAccL1Norm-entropy(),tTotalAccL1Norm-iqr(),tTotalAccL1Norm-max(),tTotalAccL1Norm-std(),tTotalAccMagSq-energy(),tTotalAccMagSq-entropy(),tTotalAccMagSq-mean(),tTotalAccMagSq-median(),tTotalAccMagSq-std()]
   Particle with #features=21 accuracy=0.8369/0.7429 energy=49.2870 features=[tTotalAcc-max(),tTotalAcc-min(),tTotalAcc-q25(),tTotalAcc-q75(),tTotalAcc-std(),tTotalAccJerk-correlation(),tTotalAccJerk-energy(),tTotalAccJerk-median(),tTotalAccJerk-min(),tTotalAccJerk-q25(),tTotalAccJerkL1Norm-entropy(),tTotalAccJerkL1Norm-mean(),tTotalAccJerkMagSq-energy(),tTotalAccJerkMagSq-entropy(),tTotalAccJerkMagSq-mean(),tTotalAccJerkMagSq-min(),tTotalAccL1Norm-entropy(),tTotalAccL1Norm-mean(),tTotalAccMagSq-iqr(),tTotalAccMagSq-mean(),tTotalAccMagSq-std()]
   Particle with #features=22 accuracy=0.8316/0.7222 energy=41.4709 features=[tTotalAcc-energy(),tTotalAcc-max(),tTotalAcc-q25(),tTotalAcc-q75(),tTotalAccJerk-iqr(),tTotalAccJerk-min(),tTotalAccJerk-q75(),tTotalAccJerkL1Norm-entropy(),tTotalAccJerkL1Norm-max(),tTotalAccJerkL1Norm-median(),tTotalAccJerkMagSq-iqr(),tTotalAccJerkMagSq-mean(),tTotalAccJerkMagSq-median(),tTotalAccJerkMagSq-std(),tTotalAccL1Norm-energy(),tTotalAccL1Norm-entropy(),tTotalAccL1Norm-min(),tTotalAccL1Norm-std(),tTotalAccMagSq-energy(),tTotalAccMagSq-mean(),tTotalAccMagSq-median(),tTotalAccMagSq-min()]
   Particle with #features=18 accuracy=0.8306/0.7381 energy=33.2254 features=[tTotalAcc-max(),tTotalAcc-mean(),tTotalAcc-median(),tTotalAcc-min(),tTotalAcc-q75(),tTotalAccJerk-min(),tTotalAccJerkL1Norm-entropy(),tTotalAccJerkL1Norm-iqr(),tTotalAccJerkL1Norm-max(),tTotalAccJerkL1Norm-median(),tTotalAccJerkMagSq-entropy(),tTotalAccJerkMagSq-iqr(),tTotalAccL1Norm-energy(),tTotalAccL1Norm-iqr(),tTotalAccL1Norm-max(),tTotalAccL1Norm-median(),tTotalAccL1Norm-min(),tTotalAccL1Norm-std()]
   Particle with #features=2 accuracy=0.8190/0.6429 energy=4.0405 features=[tTotalAcc-median(),tTotalAccJerkMagSq-iqr()]
   Particle with #features=2 accuracy=0.8074/0.6302 energy=4.0393 features=[tTotalAcc-median(),tTotalAccJerkL1Norm-iqr()]
   Particle with #features=2 accuracy=0.7968/0.6143 energy=3.7053 features=[tTotalAcc-mean(),tTotalAccJerkL1Norm-iqr()]
   Particle with #features=2 accuracy=0.7748/0.6476 energy=3.6879 features=[tTotalAcc-mean(),tTotalAccMagSq-iqr()]
   Particle with #features=2 accuracy=0.6369/0.5175 energy=2.2913 features=[tTotalAccJerkMagSq-max(),tTotalAccMagSq-min()]
   Particle with #features=2 accuracy=0.6179/0.5079 energy=2.2616 features=[tTotalAccMagSq-max(),tTotalAccMagSq-min()]
   Particle with #features=2 accuracy=0.6105/0.5460 energy=2.0073 features=[tTotalAccJerkMagSq-iqr(),tTotalAccMagSq-median()]
   Particle with #features=2 accuracy=0.6084/0.5571 energy=2.0064 features=[tTotalAccJerkMagSq-iqr(),tTotalAccMagSq-min()]
   Particle with #features=2 accuracy=0.5990/0.5365 energy=1.9887 features=[tTotalAccMagSq-iqr(),tTotalAccMagSq-median()]
   Particle with #features=2 accuracy=0.5758/0.5079 energy=1.8853 features=[tTotalAccJerkMagSq-iqr(),tTotalAccMagSq-mean()]
   Particle with #features=2 accuracy=0.5737/0.4984 energy=1.8667 features=[tTotalAccMagSq-iqr(),tTotalAccMagSq-mean()]
   Particle with #features=2 accuracy=0.4653/0.4143 energy=1.8594 features=[tTotalAccL1Norm-iqr(),tTotalAccMagSq-iqr()]
Iteration 0
Iteration 1
Iteration 2
Iteration 3
Iteration 4
Iteration 5
Iteration 6
Iteration 7
Iteration 8
Iteration 9
Iteration 10
Iteration 11
Iteration 12
Iteration 13
Iteration 14
Iteration 15
Iteration 16
Iteration 17
Iteration 18
Iteration 19
Iteration 20
Iteration 21
Iteration 22
Iteration 23
Iteration 24
Iteration 25
Iteration 26
Iteration 27
Iteration 28
Iteration 29
Iteration 30
Iteration 31
Iteration 32
Iteration 33
Iteration 34
Iteration 35
Iteration 36
Iteration 37
Iteration 38
Iteration 39
Iteration 40
Iteration 41
Iteration 42
Iteration 43
Iteration 44
Iteration 45
Iteration 46
Iteration 47
Iteration 48
Iteration 49
Iteration 50
Iteration 51
Iteration 52
Iteration 53
Iteration 54
Iteration 55
Iteration 56
Iteration 57
Iteration 58
Iteration 59
Iteration 60
Iteration 61
Iteration 62
Iteration 63
Iteration 64
Iteration 65
Iteration 66
Iteration 67
Iteration 68
Iteration 69
Iteration 70
Iteration 71
Iteration 72
Iteration 73
Iteration 74
Iteration 75
Iteration 76
Iteration 77
Iteration 78
Iteration 79
Iteration 80
Iteration 81
Iteration 82
Iteration 83
Iteration 84
Iteration 85
Iteration 86
Iteration 87
Iteration 88
Iteration 89
Iteration 90
Iteration 91
Iteration 92
Iteration 93
Iteration 94
Iteration 95
Iteration 96
Iteration 97
Iteration 98
Iteration 99
Final Pareto front:
   Particle with #features=13 accuracy=0.8611/0.6984 energy=27.1034 features=[tTotalAcc-energy(),tTotalAcc-max(),tTotalAcc-median(),tTotalAcc-q25(),tTotalAcc-q75(),tTotalAccJerkL1Norm-max(),tTotalAccJerkL1Norm-median(),tTotalAccJerkMagSq-iqr(),tTotalAccL1Norm-entropy(),tTotalAccL1Norm-std(),tTotalAccMagSq-energy(),tTotalAccMagSq-mean(),tTotalAccMagSq-median()]
   Particle with #features=11 accuracy=0.8600/0.7095 energy=22.5456 features=[tTotalAcc-energy(),tTotalAcc-max(),tTotalAcc-q25(),tTotalAcc-q75(),tTotalAccJerkL1Norm-max(),tTotalAccJerkMagSq-iqr(),tTotalAccJerkMagSq-median(),tTotalAccL1Norm-entropy(),tTotalAccMagSq-energy(),tTotalAccMagSq-mean(),tTotalAccMagSq-median()]
   Particle with #features=11 accuracy=0.8568/0.7159 energy=21.1007 features=[tTotalAcc-max(),tTotalAcc-median(),tTotalAcc-q25(),tTotalAcc-q75(),tTotalAccJerkL1Norm-max(),tTotalAccJerkL1Norm-median(),tTotalAccJerkMagSq-iqr(),tTotalAccL1Norm-entropy(),tTotalAccMagSq-energy(),tTotalAccMagSq-mean(),tTotalAccMagSq-median()]
   Particle with #features=5 accuracy=0.8537/0.7206 energy=9.8285 features=[tTotalAcc-q25(),tTotalAcc-q75(),tTotalAccJerkL1Norm-max(),tTotalAccJerkMagSq-iqr(),tTotalAccMagSq-energy()]
   Particle with #features=5 accuracy=0.8526/0.6778 energy=9.0723 features=[tTotalAcc-q25(),tTotalAcc-q75(),tTotalAccJerkL1Norm-iqr(),tTotalAccJerkL1Norm-median(),tTotalAccMagSq-mean()]
   Particle with #features=4 accuracy=0.8484/0.7143 energy=8.3161 features=[tTotalAcc-q25(),tTotalAcc-q75(),tTotalAccJerkL1Norm-iqr(),tTotalAccJerkL1Norm-max()]
   Particle with #features=3 accuracy=0.8453/0.6937 energy=7.1279 features=[tTotalAcc-q25(),tTotalAcc-q75(),tTotalAccJerkL1Norm-iqr()]
   Particle with #features=4 accuracy=0.8358/0.6889 energy=6.3000 features=[tTotalAcc-q75(),tTotalAccJerkL1Norm-max(),tTotalAccJerkMagSq-iqr(),tTotalAccJerkMagSq-median()]
   Particle with #features=3 accuracy=0.8274/0.7063 energy=5.2675 features=[tTotalAcc-q75(),tTotalAccJerkMagSq-iqr(),tTotalAccJerkMagSq-max()]
   Particle with #features=3 accuracy=0.8242/0.6524 energy=4.9899 features=[tTotalAcc-q75(),tTotalAccJerkMagSq-iqr(),tTotalAccMagSq-mean()]
   Particle with #features=2 accuracy=0.8190/0.6429 energy=4.0405 features=[tTotalAcc-median(),tTotalAccJerkMagSq-iqr()]
   Particle with #features=2 accuracy=0.8074/0.6302 energy=4.0393 features=[tTotalAcc-median(),tTotalAccJerkL1Norm-iqr()]
   Particle with #features=2 accuracy=0.7968/0.6143 energy=3.7053 features=[tTotalAcc-mean(),tTotalAccJerkL1Norm-iqr()]
   Particle with #features=2 accuracy=0.7748/0.6476 energy=3.6879 features=[tTotalAcc-mean(),tTotalAccMagSq-iqr()]
   Particle with #features=1 accuracy=0.7558/0.6889 energy=3.1377 features=[tTotalAcc-q25()]
   Particle with #features=1 accuracy=0.7505/0.6270 energy=3.0993 features=[tTotalAcc-median()]
   Particle with #features=1 accuracy=0.7390/0.6175 energy=2.7652 features=[tTotalAcc-mean()]
   Particle with #features=2 accuracy=0.6369/0.5175 energy=2.2913 features=[tTotalAccJerkMagSq-max(),tTotalAccMagSq-min()]
   Particle with #features=2 accuracy=0.6179/0.5079 energy=2.2616 features=[tTotalAccMagSq-max(),tTotalAccMagSq-min()]
   Particle with #features=2 accuracy=0.6105/0.5460 energy=2.0073 features=[tTotalAccJerkMagSq-iqr(),tTotalAccMagSq-median()]
   Particle with #features=2 accuracy=0.6084/0.5571 energy=2.0064 features=[tTotalAccJerkMagSq-iqr(),tTotalAccMagSq-min()]
   Particle with #features=2 accuracy=0.5990/0.5365 energy=1.9887 features=[tTotalAccMagSq-iqr(),tTotalAccMagSq-median()]
   Particle with #features=1 accuracy=0.5947/0.4524 energy=1.2596 features=[tTotalAccJerkMagSq-max()]
   Particle with #features=1 accuracy=0.5400/0.4413 energy=1.2410 features=[tTotalAccMagSq-max()]
   Particle with #features=1 accuracy=0.5326/0.4730 energy=1.1031 features=[tTotalAccJerkMagSq-min()]
   Particle with #features=1 accuracy=0.5305/0.4619 energy=1.0844 features=[tTotalAccMagSq-min()]
   Particle with #features=1 accuracy=0.5127/0.4778 energy=0.9735 features=[tTotalAccJerkL1Norm-iqr()]
   Particle with #features=1 accuracy=0.5074/0.5238 energy=0.9609 features=[tTotalAccL1Norm-iqr()]
   Particle with #features=1 accuracy=0.4379/0.4270 energy=0.9561 features=[tTotalAccMagSq-iqr()]
   Particle with #features=0 accuracy=0.4000/0.4000 energy=0.0334 features=[]
Multi objective
Loading...
loaded file ../datasets/SPHERE/train/features.csv, dimensions: 580 x 98
loaded file ../datasets/SPHERE/train/y_train.txt, dimensions: 580 x 1
loaded file ../datasets/SPHERE/train/subject_train.txt, dimensions: 580 x 1
loaded file ../datasets/SPHERE/validation/features.csv, dimensions: 289 x 98
loaded file ../datasets/SPHERE/validation/y_validation.txt, dimensions: 289 x 1
loaded file ../datasets/SPHERE/validation/subject_validation.txt, dimensions: 289 x 1
loaded file ../datasets/SPHERE/test/features.csv, dimensions: 291 x 98
loaded file ../datasets/SPHERE/test/y_test.txt, dimensions: 291 x 1
loaded file ../datasets/SPHERE/test/subject_test.txt, dimensions: 291 x 1
subject left out: 3.0
Stopping energy value is 31.4710
Initializing starting positions and scores...
Initialization done, initial Pareto front:
   Particle with #features=24 accuracy=0.8400/0.7571 energy=56.5849 features=[tTotalAcc-energy(),tTotalAcc-entropy(),tTotalAcc-iqr(),tTotalAcc-max(),tTotalAcc-mean(),tTotalAcc-min(),tTotalAcc-q25(),tTotalAcc-q75(),tTotalAccJerk-correlation(),tTotalAccJerk-entropy(),tTotalAccJerk-std(),tTotalAccJerkL1Norm-energy(),tTotalAccJerkL1Norm-entropy(),tTotalAccJerkL1Norm-mean(),tTotalAccJerkL1Norm-median(),tTotalAccJerkMagSq-iqr(),tTotalAccL1Norm-median(),tTotalAccL1Norm-min(),tTotalAccMagSq-energy(),tTotalAccMagSq-iqr(),tTotalAccMagSq-max(),tTotalAccMagSq-mean(),tTotalAccMagSq-median(),tTotalAccMagSq-min()]
   Particle with #features=24 accuracy=0.8379/0.7587 energy=56.4136 features=[tTotalAcc-correlation(),tTotalAcc-energy(),tTotalAcc-iqr(),tTotalAcc-max(),tTotalAcc-min(),tTotalAcc-q25(),tTotalAcc-q75(),tTotalAcc-std(),tTotalAccJerk-correlation(),tTotalAccJerk-q75(),tTotalAccJerk-std(),tTotalAccJerkL1Norm-energy(),tTotalAccJerkMagSq-energy(),tTotalAccJerkMagSq-iqr(),tTotalAccJerkMagSq-median(),tTotalAccL1Norm-entropy(),tTotalAccL1Norm-iqr(),tTotalAccL1Norm-max(),tTotalAccL1Norm-mean(),tTotalAccL1Norm-min(),tTotalAccMagSq-energy(),tTotalAccMagSq-iqr(),tTotalAccMagSq-mean(),tTotalAccMagSq-std()]
   Particle with #features=20 accuracy=0.8369/0.7444 energy=45.9138 features=[tTotalAcc-energy(),tTotalAcc-iqr(),tTotalAcc-max(),tTotalAcc-mean(),tTotalAcc-min(),tTotalAcc-q25(),tTotalAccJerk-energy(),tTotalAccJerk-iqr(),tTotalAccJerk-max(),tTotalAccJerk-median(),tTotalAccJerk-q25(),tTotalAccJerkL1Norm-mean(),tTotalAccJerkL1Norm-min(),tTotalAccL1Norm-energy(),tTotalAccL1Norm-iqr(),tTotalAccL1Norm-median(),tTotalAccL1Norm-std(),tTotalAccMagSq-iqr(),tTotalAccMagSq-mean(),tTotalAccMagSq-median()]
   Particle with #features=19 accuracy=0.8316/0.7540 energy=40.6243 features=[tTotalAcc-correlation(),tTotalAcc-entropy(),tTotalAcc-iqr(),tTotalAcc-max(),tTotalAcc-min(),tTotalAcc-q25(),tTotalAcc-q75(),tTotalAccJerkL1Norm-entropy(),tTotalAccJerkL1Norm-max(),tTotalAccJerkL1Norm-mean(),tTotalAccJerkL1Norm-median(),tTotalAccJerkMagSq-entropy(),tTotalAccJerkMagSq-max(),tTotalAccJerkMagSq-std(),tTotalAccL1Norm-iqr(),tTotalAccL1Norm-max(),tTotalAccL1Norm-std(),tTotalAccMagSq-entropy(),tTotalAccMagSq-mean()]
   Particle with #features=20 accuracy=0.8253/0.7365 energy=39.1999 features=[tTotalAcc-correlation(),tTotalAcc-energy(),tTotalAcc-max(),tTotalAcc-mean(),tTotalAcc-median(),tTotalAcc-q75(),tTotalAccJerk-iqr(),tTotalAccJerkL1Norm-energy(),tTotalAccJerkL1Norm-entropy(),tTotalAccJerkL1Norm-max(),tTotalAccJerkL1Norm-mean(),tTotalAccJerkMagSq-iqr(),tTotalAccJerkMagSq-mean(),tTotalAccJerkMagSq-median(),tTotalAccL1Norm-energy(),tTotalAccL1Norm-mean(),tTotalAccL1Norm-min(),tTotalAccMagSq-energy(),tTotalAccMagSq-median(),tTotalAccMagSq-min()]
   Particle with #features=19 accuracy=0.8242/0.7238 energy=35.2368 features=[tTotalAcc-max(),tTotalAcc-mean(),tTotalAcc-min(),tTotalAcc-q25(),tTotalAcc-q75(),tTotalAccJerk-iqr(),tTotalAccJerk-q75(),tTotalAccJerkL1Norm-energy(),tTotalAccJerkL1Norm-max(),tTotalAccJerkL1Norm-mean(),tTotalAccJerkL1Norm-median(),tTotalAccJerkL1Norm-min(),tTotalAccL1Norm-entropy(),tTotalAccL1Norm-max(),tTotalAccL1Norm-median(),tTotalAccL1Norm-min(),tTotalAccL1Norm-std(),tTotalAccMagSq-iqr(),tTotalAccMagSq-median()]
   Particle with #features=18 accuracy=0.8211/0.7127 energy=32.0854 features=[tTotalAcc-energy(),tTotalAcc-mean(),tTotalAcc-median(),tTotalAcc-q75(),tTotalAccJerk-q25(),tTotalAccJerkL1Norm-entropy(),tTotalAccJerkL1Norm-max(),tTotalAccJerkL1Norm-mean(),tTotalAccJerkL1Norm-median(),tTotalAccJerkL1Norm-min(),tTotalAccJerkL1Norm-std(),tTotalAccJerkMagSq-max(),tTotalAccJerkMagSq-median(),tTotalAccJerkMagSq-std(),tTotalAccL1Norm-std(),tTotalAccMagSq-mean(),tTotalAccMagSq-median(),tTotalAccMagSq-min()]
   Particle with #features=2 accuracy=0.8190/0.6429 energy=4.0405 features=[tTotalAcc-median(),tTotalAccJerkMagSq-iqr()]
   Particle with #features=2 accuracy=0.8074/0.6302 energy=4.0393 features=[tTotalAcc-median(),tTotalAccJerkL1Norm-iqr()]
   Particle with #features=2 accuracy=0.7968/0.6143 energy=3.7053 features=[tTotalAcc-mean(),tTotalAccJerkL1Norm-iqr()]
   Particle with #features=2 accuracy=0.7748/0.6476 energy=3.6879 features=[tTotalAcc-mean(),tTotalAccMagSq-iqr()]
   Particle with #features=2 accuracy=0.6369/0.5175 energy=2.2913 features=[tTotalAccJerkMagSq-max(),tTotalAccMagSq-min()]
   Particle with #features=2 accuracy=0.6179/0.5079 energy=2.2616 features=[tTotalAccMagSq-max(),tTotalAccMagSq-min()]
   Particle with #features=2 accuracy=0.6105/0.5460 energy=2.0073 features=[tTotalAccJerkMagSq-iqr(),tTotalAccMagSq-median()]
   Particle with #features=2 accuracy=0.6084/0.5571 energy=2.0064 features=[tTotalAccJerkMagSq-iqr(),tTotalAccMagSq-min()]
   Particle with #features=2 accuracy=0.5990/0.5365 energy=1.9887 features=[tTotalAccMagSq-iqr(),tTotalAccMagSq-median()]
   Particle with #features=2 accuracy=0.5758/0.5079 energy=1.8853 features=[tTotalAccJerkMagSq-iqr(),tTotalAccMagSq-mean()]
   Particle with #features=2 accuracy=0.5737/0.4984 energy=1.8667 features=[tTotalAccMagSq-iqr(),tTotalAccMagSq-mean()]
   Particle with #features=2 accuracy=0.4653/0.4143 energy=1.8594 features=[tTotalAccL1Norm-iqr(),tTotalAccMagSq-iqr()]
Iteration 0
Iteration 1
Iteration 2
Iteration 3
Iteration 4
Iteration 5
Iteration 6
Iteration 7
Iteration 8
Iteration 9
Iteration 10
Iteration 11
Iteration 12
Iteration 13
Iteration 14
Iteration 15
Iteration 16
Iteration 17
Iteration 18
Iteration 19
Iteration 20
Iteration 21
Iteration 22
Iteration 23
Iteration 24
Iteration 25
Iteration 26
Iteration 27
Iteration 28
Iteration 29
Iteration 30
Iteration 31
Iteration 32
Iteration 33
Iteration 34
Iteration 35
Iteration 36
Iteration 37
Iteration 38
Iteration 39
Iteration 40
Iteration 41
Iteration 42
Iteration 43
Iteration 44
Iteration 45
Iteration 46
Iteration 47
Iteration 48
Iteration 49
Iteration 50
Iteration 51
Iteration 52
Iteration 53
Iteration 54
Iteration 55
Iteration 56
Iteration 57
Iteration 58
Iteration 59
Iteration 60
Iteration 61
Iteration 62
Iteration 63
Iteration 64
Iteration 65
Iteration 66
Iteration 67
Iteration 68
Iteration 69
Iteration 70
Iteration 71
Iteration 72
Iteration 73
Iteration 74
Iteration 75
Iteration 76
Iteration 77
Iteration 78
Iteration 79
Iteration 80
Iteration 81
Iteration 82
Iteration 83
Iteration 84
Iteration 85
Iteration 86
Iteration 87
Iteration 88
Iteration 89
Iteration 90
Iteration 91
Iteration 92
Iteration 93
Iteration 94
Iteration 95
Iteration 96
Iteration 97
Iteration 98
Iteration 99
Final Pareto front:
   Particle with #features=5 accuracy=0.8547/0.7095 energy=9.2280 features=[tTotalAcc-q25(),tTotalAcc-q75(),tTotalAccJerkL1Norm-iqr(),tTotalAccJerkL1Norm-max(),tTotalAccMagSq-mean()]
   Particle with #features=5 accuracy=0.8526/0.6778 energy=9.0723 features=[tTotalAcc-q25(),tTotalAcc-q75(),tTotalAccJerkL1Norm-iqr(),tTotalAccJerkL1Norm-median(),tTotalAccMagSq-mean()]
   Particle with #features=4 accuracy=0.8484/0.7143 energy=8.3161 features=[tTotalAcc-q25(),tTotalAcc-q75(),tTotalAccJerkL1Norm-iqr(),tTotalAccJerkL1Norm-max()]
   Particle with #features=3 accuracy=0.8453/0.6937 energy=7.1279 features=[tTotalAcc-q25(),tTotalAcc-q75(),tTotalAccJerkL1Norm-iqr()]
   Particle with #features=4 accuracy=0.8358/0.6889 energy=6.3000 features=[tTotalAcc-q75(),tTotalAccJerkL1Norm-max(),tTotalAccJerkMagSq-iqr(),tTotalAccJerkMagSq-median()]
   Particle with #features=3 accuracy=0.8274/0.7063 energy=5.2675 features=[tTotalAcc-q75(),tTotalAccJerkMagSq-iqr(),tTotalAccJerkMagSq-max()]
   Particle with #features=3 accuracy=0.8242/0.6524 energy=4.9899 features=[tTotalAcc-q75(),tTotalAccJerkMagSq-iqr(),tTotalAccMagSq-mean()]
   Particle with #features=2 accuracy=0.8190/0.6429 energy=4.0405 features=[tTotalAcc-median(),tTotalAccJerkMagSq-iqr()]
   Particle with #features=2 accuracy=0.8074/0.6302 energy=4.0393 features=[tTotalAcc-median(),tTotalAccJerkL1Norm-iqr()]
   Particle with #features=2 accuracy=0.7968/0.6143 energy=3.7053 features=[tTotalAcc-mean(),tTotalAccJerkL1Norm-iqr()]
   Particle with #features=2 accuracy=0.7748/0.6476 energy=3.6879 features=[tTotalAcc-mean(),tTotalAccMagSq-iqr()]
   Particle with #features=1 accuracy=0.7558/0.6889 energy=3.1377 features=[tTotalAcc-q25()]
   Particle with #features=1 accuracy=0.7505/0.6270 energy=3.0993 features=[tTotalAcc-median()]
   Particle with #features=1 accuracy=0.7390/0.6175 energy=2.7652 features=[tTotalAcc-mean()]
   Particle with #features=2 accuracy=0.6369/0.5175 energy=2.2913 features=[tTotalAccJerkMagSq-max(),tTotalAccMagSq-min()]
   Particle with #features=2 accuracy=0.6179/0.5079 energy=2.2616 features=[tTotalAccMagSq-max(),tTotalAccMagSq-min()]
   Particle with #features=2 accuracy=0.6105/0.5460 energy=2.0073 features=[tTotalAccJerkMagSq-iqr(),tTotalAccMagSq-median()]
   Particle with #features=2 accuracy=0.6084/0.5571 energy=2.0064 features=[tTotalAccJerkMagSq-iqr(),tTotalAccMagSq-min()]
   Particle with #features=2 accuracy=0.5990/0.5365 energy=1.9887 features=[tTotalAccMagSq-iqr(),tTotalAccMagSq-median()]
   Particle with #features=1 accuracy=0.5947/0.4524 energy=1.2596 features=[tTotalAccJerkMagSq-max()]
   Particle with #features=1 accuracy=0.5400/0.4413 energy=1.2410 features=[tTotalAccMagSq-max()]
   Particle with #features=1 accuracy=0.5326/0.4730 energy=1.1031 features=[tTotalAccJerkMagSq-min()]
   Particle with #features=1 accuracy=0.5305/0.4619 energy=1.0844 features=[tTotalAccMagSq-min()]
   Particle with #features=1 accuracy=0.5127/0.4778 energy=0.9735 features=[tTotalAccJerkL1Norm-iqr()]
   Particle with #features=1 accuracy=0.5074/0.5238 energy=0.9609 features=[tTotalAccL1Norm-iqr()]
   Particle with #features=1 accuracy=0.4379/0.4270 energy=0.9561 features=[tTotalAccMagSq-iqr()]
   Particle with #features=0 accuracy=0.4000/0.4000 energy=0.0334 features=[]
all done!
